[2025-02-15T07:23:56.800730+00:00] main.CRITICAL: Magento\Framework\Exception\NoSuchEntityException: There is no such media asset with path "/Manoj-Vaibhav-audio.mp3" in D:\xamp8.0\htdocs\VJ\vendor\magento\module-media-gallery\Model\Asset\Command\GetByPath.php:81
Stack trace:
#0 D:\xamp8.0\htdocs\VJ\vendor\magento\module-media-content\Model\ExtractAssetsFromContent.php(88): Magento\MediaGallery\Model\Asset\Command\GetByPath->execute('/Manoj-Vaibhav-...')
#1 D:\xamp8.0\htdocs\VJ\vendor\magento\module-media-content\Model\ExtractAssetsFromContent.php(70): Magento\MediaContent\Model\ExtractAssetsFromContent->getAssetsByPaths(Array)
#2 D:\xamp8.0\htdocs\VJ\vendor\magento\module-media-content\Model\UpdateContentAssetLinks.php(109): Magento\MediaContent\Model\ExtractAssetsFromContent->execute('<style>#html-bo...')
#3 D:\xamp8.0\htdocs\VJ\vendor\magento\module-media-content\Model\UpdateContentAssetLinks.php(91): Magento\MediaContent\Model\UpdateContentAssetLinks->updateRelation(Object(Magento\MediaContent\Model\ContentIdentity), '<style>#html-bo...')
#4 D:\xamp8.0\htdocs\VJ\vendor\magento\module-media-content-cms\Observer\Page.php(91): Magento\MediaContent\Model\UpdateContentAssetLinks->execute(Object(Magento\MediaContent\Model\ContentIdentity), '<style>#html-bo...')
#5 D:\xamp8.0\htdocs\VJ\vendor\magento\framework\Event\Invoker\InvokerDefault.php(88): Magento\MediaContentCms\Observer\Page->execute(Object(Magento\Framework\Event\Observer))
#6 D:\xamp8.0\htdocs\VJ\vendor\magento\framework\Event\Invoker\InvokerDefault.php(74): Magento\Framework\Event\Invoker\InvokerDefault->_callObserverMethod(Object(Magento\MediaContentCms\Observer\Page), Object(Magento\Framework\Event\Observer))
#7 D:\xamp8.0\htdocs\VJ\vendor\magento\framework\Event\Manager.php(65): Magento\Framework\Event\Invoker\InvokerDefault->dispatch(Array, Object(Magento\Framework\Event\Observer))
#8 D:\xamp8.0\htdocs\VJ\generated\code\Magento\Framework\Event\Manager\Proxy.php(95): Magento\Framework\Event\Manager->dispatch('cms_page_save_a...', Array)
#9 D:\xamp8.0\htdocs\VJ\vendor\magento\framework\Model\AbstractModel.php(837): Magento\Framework\Event\Manager\Proxy->dispatch('cms_page_save_a...', Array)
#10 D:\xamp8.0\htdocs\VJ\vendor\magento\framework\EntityManager\Observer\AfterEntitySave.php(34): Magento\Framework\Model\AbstractModel->afterSave()
#11 D:\xamp8.0\htdocs\VJ\vendor\magento\framework\Event\Invoker\InvokerDefault.php(88): Magento\Framework\EntityManager\Observer\AfterEntitySave->execute(Object(Magento\Framework\Event\Observer))
#12 D:\xamp8.0\htdocs\VJ\vendor\magento\framework\Event\Invoker\InvokerDefault.php(74): Magento\Framework\Event\Invoker\InvokerDefault->_callObserverMethod(Object(Magento\Framework\EntityManager\Observer\AfterEntitySave), Object(Magento\Framework\Event\Observer))
#13 D:\xamp8.0\htdocs\VJ\vendor\magento\framework\Event\Manager.php(65): Magento\Framework\Event\Invoker\InvokerDefault->dispatch(Array, Object(Magento\Framework\Event\Observer))
#14 D:\xamp8.0\htdocs\VJ\generated\code\Magento\Framework\Event\Manager\Proxy.php(95): Magento\Framework\Event\Manager->dispatch('magento_cms_api...', Array)
#15 D:\xamp8.0\htdocs\VJ\vendor\magento\framework\EntityManager\EventManager.php(50): Magento\Framework\Event\Manager\Proxy->dispatch('magento_cms_api...', Array)
#16 D:\xamp8.0\htdocs\VJ\vendor\magento\framework\EntityManager\Operation\Update.php(110): Magento\Framework\EntityManager\EventManager->dispatchEntityEvent('Magento\\Cms\\Api...', 'save_after', Array)
#17 D:\xamp8.0\htdocs\VJ\vendor\magento\framework\EntityManager\EntityManager.php(106): Magento\Framework\EntityManager\Operation\Update->execute(Object(Magento\Cms\Model\Page), Array)
#18 D:\xamp8.0\htdocs\VJ\vendor\magento\module-cms\Model\ResourceModel\Page.php(399): Magento\Framework\EntityManager\EntityManager->save(Object(Magento\Cms\Model\Page))
#19 D:\xamp8.0\htdocs\VJ\vendor\magento\framework\Interception\Interceptor.php(58): Magento\Cms\Model\ResourceModel\Page->save(Object(Magento\Cms\Model\Page))
#20 D:\xamp8.0\htdocs\VJ\vendor\magento\framework\Interception\Interceptor.php(138): Magento\Cms\Model\ResourceModel\Page\Interceptor->___callParent('save', Array)
#21 D:\xamp8.0\htdocs\VJ\vendor\magento\framework\Interception\Interceptor.php(153): Magento\Cms\Model\ResourceModel\Page\Interceptor->Magento\Framework\Interception\{closure}(Object(Magento\Cms\Model\Page))
#22 D:\xamp8.0\htdocs\VJ\generated\code\Magento\Cms\Model\ResourceModel\Page\Interceptor.php(104): Magento\Cms\Model\ResourceModel\Page\Interceptor->___callPlugins('save', Array, Array)
#23 D:\xamp8.0\htdocs\VJ\vendor\magento\module-cms\Model\PageRepository.php(194): Magento\Cms\Model\ResourceModel\Page\Interceptor->save(Object(Magento\Cms\Model\Page))
#24 D:\xamp8.0\htdocs\VJ\generated\code\Magento\Cms\Model\PageRepository\Interceptor.php(23): Magento\Cms\Model\PageRepository->save(Object(Magento\Cms\Model\Page))
#25 D:\xamp8.0\htdocs\VJ\vendor\magento\module-cms\Model\PageRepository\ValidationComposite.php(71): Magento\Cms\Model\PageRepository\Interceptor->save(Object(Magento\Cms\Model\Page))
#26 D:\xamp8.0\htdocs\VJ\vendor\magento\framework\Interception\Interceptor.php(58): Magento\Cms\Model\PageRepository\ValidationComposite->save(Object(Magento\Cms\Model\Page))
#27 D:\xamp8.0\htdocs\VJ\vendor\magento\framework\Interception\Interceptor.php(138): Magento\Cms\Model\PageRepository\ValidationComposite\Interceptor->___callParent('save', Array)
#28 D:\xamp8.0\htdocs\VJ\vendor\magento\framework\Interception\Interceptor.php(153): Magento\Cms\Model\PageRepository\ValidationComposite\Interceptor->Magento\Framework\Interception\{closure}(Object(Magento\Cms\Model\Page))
#29 D:\xamp8.0\htdocs\VJ\generated\code\Magento\Cms\Model\PageRepository\ValidationComposite\Interceptor.php(23): Magento\Cms\Model\PageRepository\ValidationComposite\Interceptor->___callPlugins('save', Array, Array)
#30 D:\xamp8.0\htdocs\VJ\vendor\magento\module-cms\Controller\Adminhtml\Page\Save.php(120): Magento\Cms\Model\PageRepository\ValidationComposite\Interceptor->save(Object(Magento\Cms\Model\Page))
#31 D:\xamp8.0\htdocs\VJ\vendor\magento\framework\Interception\Interceptor.php(58): Magento\Cms\Controller\Adminhtml\Page\Save->execute()
#32 D:\xamp8.0\htdocs\VJ\vendor\magento\framework\Interception\Interceptor.php(138): Magento\Cms\Controller\Adminhtml\Page\Save\Interceptor->___callParent('execute', Array)
#33 D:\xamp8.0\htdocs\VJ\vendor\magento\framework\Interception\Interceptor.php(153): Magento\Cms\Controller\Adminhtml\Page\Save\Interceptor->Magento\Framework\Interception\{closure}()
#34 D:\xamp8.0\htdocs\VJ\generated\code\Magento\Cms\Controller\Adminhtml\Page\Save\Interceptor.php(23): Magento\Cms\Controller\Adminhtml\Page\Save\Interceptor->___callPlugins('execute', Array, Array)
#35 D:\xamp8.0\htdocs\VJ\vendor\magento\framework\App\Action\Action.php(111): Magento\Cms\Controller\Adminhtml\Page\Save\Interceptor->execute()
#36 D:\xamp8.0\htdocs\VJ\vendor\magento\module-backend\App\AbstractAction.php(151): Magento\Framework\App\Action\Action->dispatch(Object(Magento\Framework\App\Request\Http))
#37 D:\xamp8.0\htdocs\VJ\vendor\magento\framework\Interception\Interceptor.php(58): Magento\Backend\App\AbstractAction->dispatch(Object(Magento\Framework\App\Request\Http))
#38 D:\xamp8.0\htdocs\VJ\vendor\magento\framework\Interception\Interceptor.php(138): Magento\Cms\Controller\Adminhtml\Page\Save\Interceptor->___callParent('dispatch', Array)
#39 D:\xamp8.0\htdocs\VJ\vendor\magento\module-backend\App\Action\Plugin\Authentication.php(145): Magento\Cms\Controller\Adminhtml\Page\Save\Interceptor->Magento\Framework\Interception\{closure}(Object(Magento\Framework\App\Request\Http))
#40 D:\xamp8.0\htdocs\VJ\vendor\magento\framework\Interception\Interceptor.php(135): Magento\Backend\App\Action\Plugin\Authentication->aroundDispatch(Object(Magento\Cms\Controller\Adminhtml\Page\Save\Interceptor), Object(Closure), Object(Magento\Framework\App\Request\Http))
#41 D:\xamp8.0\htdocs\VJ\vendor\magento\framework\Interception\Interceptor.php(153): Magento\Cms\Controller\Adminhtml\Page\Save\Interceptor->Magento\Framework\Interception\{closure}(Object(Magento\Framework\App\Request\Http))
#42 D:\xamp8.0\htdocs\VJ\generated\code\Magento\Cms\Controller\Adminhtml\Page\Save\Interceptor.php(32): Magento\Cms\Controller\Adminhtml\Page\Save\Interceptor->___callPlugins('dispatch', Array, Array)
#43 D:\xamp8.0\htdocs\VJ\vendor\magento\framework\App\FrontController.php(245): Magento\Cms\Controller\Adminhtml\Page\Save\Interceptor->dispatch(Object(Magento\Framework\App\Request\Http))
#44 D:\xamp8.0\htdocs\VJ\vendor\magento\framework\App\FrontController.php(212): Magento\Framework\App\FrontController->getActionResponse(Object(Magento\Cms\Controller\Adminhtml\Page\Save\Interceptor), Object(Magento\Framework\App\Request\Http))
#45 D:\xamp8.0\htdocs\VJ\vendor\magento\framework\App\FrontController.php(147): Magento\Framework\App\FrontController->processRequest(Object(Magento\Framework\App\Request\Http), Object(Magento\Cms\Controller\Adminhtml\Page\Save\Interceptor))
#46 D:\xamp8.0\htdocs\VJ\vendor\magento\framework\Interception\Interceptor.php(58): Magento\Framework\App\FrontController->dispatch(Object(Magento\Framework\App\Request\Http))
#47 D:\xamp8.0\htdocs\VJ\vendor\magento\framework\Interception\Interceptor.php(138): Magento\Framework\App\FrontController\Interceptor->___callParent('dispatch', Array)
#48 D:\xamp8.0\htdocs\VJ\vendor\magento\framework\Interception\Interceptor.php(153): Magento\Framework\App\FrontController\Interceptor->Magento\Framework\Interception\{closure}(Object(Magento\Framework\App\Request\Http))
#49 D:\xamp8.0\htdocs\VJ\generated\code\Magento\Framework\App\FrontController\Interceptor.php(23): Magento\Framework\App\FrontController\Interceptor->___callPlugins('dispatch', Array, Array)
#50 D:\xamp8.0\htdocs\VJ\vendor\magento\framework\App\Http.php(116): Magento\Framework\App\FrontController\Interceptor->dispatch(Object(Magento\Framework\App\Request\Http))
#51 D:\xamp8.0\htdocs\VJ\generated\code\Magento\Framework\App\Http\Interceptor.php(23): Magento\Framework\App\Http->launch()
#52 D:\xamp8.0\htdocs\VJ\vendor\magento\framework\App\Bootstrap.php(264): Magento\Framework\App\Http\Interceptor->launch()
#53 D:\xamp8.0\htdocs\VJ\pub\index.php(30): Magento\Framework\App\Bootstrap->run(Object(Magento\Framework\App\Http\Interceptor))
#54 {main} {"exception":"[object] (Magento\\Framework\\Exception\\NoSuchEntityException(code: 0): There is no such media asset with path \"/Manoj-Vaibhav-audio.mp3\" at D:\\xamp8.0\\htdocs\\VJ\\vendor\\magento\\module-media-gallery\\Model\\Asset\\Command\\GetByPath.php:81)"} []
[2025-02-15T07:23:56.821206+00:00] main.CRITICAL: Magento\Framework\Exception\NoSuchEntityException: There is no such media asset with path "/Manoj-Vaibhav-audio.mp3" in D:\xamp8.0\htdocs\VJ\vendor\magento\module-media-gallery\Model\Asset\Command\GetByPath.php:81
Stack trace:
#0 D:\xamp8.0\htdocs\VJ\vendor\magento\module-media-content\Model\ExtractAssetsFromContent.php(88): Magento\MediaGallery\Model\Asset\Command\GetByPath->execute('/Manoj-Vaibhav-...')
#1 D:\xamp8.0\htdocs\VJ\vendor\magento\module-media-content\Model\ExtractAssetsFromContent.php(70): Magento\MediaContent\Model\ExtractAssetsFromContent->getAssetsByPaths(Array)
#2 D:\xamp8.0\htdocs\VJ\vendor\magento\module-media-content\Model\UpdateContentAssetLinks.php(109): Magento\MediaContent\Model\ExtractAssetsFromContent->execute('<style>#html-bo...')
#3 D:\xamp8.0\htdocs\VJ\vendor\magento\module-media-content\Model\UpdateContentAssetLinks.php(91): Magento\MediaContent\Model\UpdateContentAssetLinks->updateRelation(Object(Magento\MediaContent\Model\ContentIdentity), '<style>#html-bo...')
#4 D:\xamp8.0\htdocs\VJ\vendor\magento\module-media-content-cms\Observer\Page.php(91): Magento\MediaContent\Model\UpdateContentAssetLinks->execute(Object(Magento\MediaContent\Model\ContentIdentity), '<style>#html-bo...')
#5 D:\xamp8.0\htdocs\VJ\vendor\magento\framework\Event\Invoker\InvokerDefault.php(88): Magento\MediaContentCms\Observer\Page->execute(Object(Magento\Framework\Event\Observer))
#6 D:\xamp8.0\htdocs\VJ\vendor\magento\framework\Event\Invoker\InvokerDefault.php(74): Magento\Framework\Event\Invoker\InvokerDefault->_callObserverMethod(Object(Magento\MediaContentCms\Observer\Page), Object(Magento\Framework\Event\Observer))
#7 D:\xamp8.0\htdocs\VJ\vendor\magento\framework\Event\Manager.php(65): Magento\Framework\Event\Invoker\InvokerDefault->dispatch(Array, Object(Magento\Framework\Event\Observer))
#8 D:\xamp8.0\htdocs\VJ\generated\code\Magento\Framework\Event\Manager\Proxy.php(95): Magento\Framework\Event\Manager->dispatch('cms_page_save_a...', Array)
#9 D:\xamp8.0\htdocs\VJ\vendor\magento\framework\Model\AbstractModel.php(837): Magento\Framework\Event\Manager\Proxy->dispatch('cms_page_save_a...', Array)
#10 D:\xamp8.0\htdocs\VJ\vendor\magento\framework\EntityManager\Observer\AfterEntitySave.php(34): Magento\Framework\Model\AbstractModel->afterSave()
#11 D:\xamp8.0\htdocs\VJ\vendor\magento\framework\Event\Invoker\InvokerDefault.php(88): Magento\Framework\EntityManager\Observer\AfterEntitySave->execute(Object(Magento\Framework\Event\Observer))
#12 D:\xamp8.0\htdocs\VJ\vendor\magento\framework\Event\Invoker\InvokerDefault.php(74): Magento\Framework\Event\Invoker\InvokerDefault->_callObserverMethod(Object(Magento\Framework\EntityManager\Observer\AfterEntitySave), Object(Magento\Framework\Event\Observer))
#13 D:\xamp8.0\htdocs\VJ\vendor\magento\framework\Event\Manager.php(65): Magento\Framework\Event\Invoker\InvokerDefault->dispatch(Array, Object(Magento\Framework\Event\Observer))
#14 D:\xamp8.0\htdocs\VJ\generated\code\Magento\Framework\Event\Manager\Proxy.php(95): Magento\Framework\Event\Manager->dispatch('magento_cms_api...', Array)
#15 D:\xamp8.0\htdocs\VJ\vendor\magento\framework\EntityManager\EventManager.php(50): Magento\Framework\Event\Manager\Proxy->dispatch('magento_cms_api...', Array)
#16 D:\xamp8.0\htdocs\VJ\vendor\magento\framework\EntityManager\Operation\Update.php(110): Magento\Framework\EntityManager\EventManager->dispatchEntityEvent('Magento\\Cms\\Api...', 'save_after', Array)
#17 D:\xamp8.0\htdocs\VJ\vendor\magento\framework\EntityManager\EntityManager.php(106): Magento\Framework\EntityManager\Operation\Update->execute(Object(Magento\Cms\Model\Page), Array)
#18 D:\xamp8.0\htdocs\VJ\vendor\magento\module-cms\Model\ResourceModel\Page.php(399): Magento\Framework\EntityManager\EntityManager->save(Object(Magento\Cms\Model\Page))
#19 D:\xamp8.0\htdocs\VJ\vendor\magento\framework\Interception\Interceptor.php(58): Magento\Cms\Model\ResourceModel\Page->save(Object(Magento\Cms\Model\Page))
#20 D:\xamp8.0\htdocs\VJ\vendor\magento\framework\Interception\Interceptor.php(138): Magento\Cms\Model\ResourceModel\Page\Interceptor->___callParent('save', Array)
#21 D:\xamp8.0\htdocs\VJ\vendor\magento\framework\Interception\Interceptor.php(153): Magento\Cms\Model\ResourceModel\Page\Interceptor->Magento\Framework\Interception\{closure}(Object(Magento\Cms\Model\Page))
#22 D:\xamp8.0\htdocs\VJ\generated\code\Magento\Cms\Model\ResourceModel\Page\Interceptor.php(104): Magento\Cms\Model\ResourceModel\Page\Interceptor->___callPlugins('save', Array, Array)
#23 D:\xamp8.0\htdocs\VJ\vendor\magento\module-cms\Model\PageRepository.php(194): Magento\Cms\Model\ResourceModel\Page\Interceptor->save(Object(Magento\Cms\Model\Page))
#24 D:\xamp8.0\htdocs\VJ\generated\code\Magento\Cms\Model\PageRepository\Interceptor.php(23): Magento\Cms\Model\PageRepository->save(Object(Magento\Cms\Model\Page))
#25 D:\xamp8.0\htdocs\VJ\vendor\magento\module-cms\Model\PageRepository\ValidationComposite.php(71): Magento\Cms\Model\PageRepository\Interceptor->save(Object(Magento\Cms\Model\Page))
#26 D:\xamp8.0\htdocs\VJ\vendor\magento\framework\Interception\Interceptor.php(58): Magento\Cms\Model\PageRepository\ValidationComposite->save(Object(Magento\Cms\Model\Page))
#27 D:\xamp8.0\htdocs\VJ\vendor\magento\framework\Interception\Interceptor.php(138): Magento\Cms\Model\PageRepository\ValidationComposite\Interceptor->___callParent('save', Array)
#28 D:\xamp8.0\htdocs\VJ\vendor\magento\framework\Interception\Interceptor.php(153): Magento\Cms\Model\PageRepository\ValidationComposite\Interceptor->Magento\Framework\Interception\{closure}(Object(Magento\Cms\Model\Page))
#29 D:\xamp8.0\htdocs\VJ\generated\code\Magento\Cms\Model\PageRepository\ValidationComposite\Interceptor.php(23): Magento\Cms\Model\PageRepository\ValidationComposite\Interceptor->___callPlugins('save', Array, Array)
#30 D:\xamp8.0\htdocs\VJ\vendor\magento\module-cms\Controller\Adminhtml\Page\Save.php(120): Magento\Cms\Model\PageRepository\ValidationComposite\Interceptor->save(Object(Magento\Cms\Model\Page))
#31 D:\xamp8.0\htdocs\VJ\vendor\magento\framework\Interception\Interceptor.php(58): Magento\Cms\Controller\Adminhtml\Page\Save->execute()
#32 D:\xamp8.0\htdocs\VJ\vendor\magento\framework\Interception\Interceptor.php(138): Magento\Cms\Controller\Adminhtml\Page\Save\Interceptor->___callParent('execute', Array)
#33 D:\xamp8.0\htdocs\VJ\vendor\magento\framework\Interception\Interceptor.php(153): Magento\Cms\Controller\Adminhtml\Page\Save\Interceptor->Magento\Framework\Interception\{closure}()
#34 D:\xamp8.0\htdocs\VJ\generated\code\Magento\Cms\Controller\Adminhtml\Page\Save\Interceptor.php(23): Magento\Cms\Controller\Adminhtml\Page\Save\Interceptor->___callPlugins('execute', Array, Array)
#35 D:\xamp8.0\htdocs\VJ\vendor\magento\framework\App\Action\Action.php(111): Magento\Cms\Controller\Adminhtml\Page\Save\Interceptor->execute()
#36 D:\xamp8.0\htdocs\VJ\vendor\magento\module-backend\App\AbstractAction.php(151): Magento\Framework\App\Action\Action->dispatch(Object(Magento\Framework\App\Request\Http))
#37 D:\xamp8.0\htdocs\VJ\vendor\magento\framework\Interception\Interceptor.php(58): Magento\Backend\App\AbstractAction->dispatch(Object(Magento\Framework\App\Request\Http))
#38 D:\xamp8.0\htdocs\VJ\vendor\magento\framework\Interception\Interceptor.php(138): Magento\Cms\Controller\Adminhtml\Page\Save\Interceptor->___callParent('dispatch', Array)
#39 D:\xamp8.0\htdocs\VJ\vendor\magento\module-backend\App\Action\Plugin\Authentication.php(145): Magento\Cms\Controller\Adminhtml\Page\Save\Interceptor->Magento\Framework\Interception\{closure}(Object(Magento\Framework\App\Request\Http))
#40 D:\xamp8.0\htdocs\VJ\vendor\magento\framework\Interception\Interceptor.php(135): Magento\Backend\App\Action\Plugin\Authentication->aroundDispatch(Object(Magento\Cms\Controller\Adminhtml\Page\Save\Interceptor), Object(Closure), Object(Magento\Framework\App\Request\Http))
#41 D:\xamp8.0\htdocs\VJ\vendor\magento\framework\Interception\Interceptor.php(153): Magento\Cms\Controller\Adminhtml\Page\Save\Interceptor->Magento\Framework\Interception\{closure}(Object(Magento\Framework\App\Request\Http))
#42 D:\xamp8.0\htdocs\VJ\generated\code\Magento\Cms\Controller\Adminhtml\Page\Save\Interceptor.php(32): Magento\Cms\Controller\Adminhtml\Page\Save\Interceptor->___callPlugins('dispatch', Array, Array)
#43 D:\xamp8.0\htdocs\VJ\vendor\magento\framework\App\FrontController.php(245): Magento\Cms\Controller\Adminhtml\Page\Save\Interceptor->dispatch(Object(Magento\Framework\App\Request\Http))
#44 D:\xamp8.0\htdocs\VJ\vendor\magento\framework\App\FrontController.php(212): Magento\Framework\App\FrontController->getActionResponse(Object(Magento\Cms\Controller\Adminhtml\Page\Save\Interceptor), Object(Magento\Framework\App\Request\Http))
#45 D:\xamp8.0\htdocs\VJ\vendor\magento\framework\App\FrontController.php(147): Magento\Framework\App\FrontController->processRequest(Object(Magento\Framework\App\Request\Http), Object(Magento\Cms\Controller\Adminhtml\Page\Save\Interceptor))
#46 D:\xamp8.0\htdocs\VJ\vendor\magento\framework\Interception\Interceptor.php(58): Magento\Framework\App\FrontController->dispatch(Object(Magento\Framework\App\Request\Http))
#47 D:\xamp8.0\htdocs\VJ\vendor\magento\framework\Interception\Interceptor.php(138): Magento\Framework\App\FrontController\Interceptor->___callParent('dispatch', Array)
#48 D:\xamp8.0\htdocs\VJ\vendor\magento\framework\Interception\Interceptor.php(153): Magento\Framework\App\FrontController\Interceptor->Magento\Framework\Interception\{closure}(Object(Magento\Framework\App\Request\Http))
#49 D:\xamp8.0\htdocs\VJ\generated\code\Magento\Framework\App\FrontController\Interceptor.php(23): Magento\Framework\App\FrontController\Interceptor->___callPlugins('dispatch', Array, Array)
#50 D:\xamp8.0\htdocs\VJ\vendor\magento\framework\App\Http.php(116): Magento\Framework\App\FrontController\Interceptor->dispatch(Object(Magento\Framework\App\Request\Http))
#51 D:\xamp8.0\htdocs\VJ\generated\code\Magento\Framework\App\Http\Interceptor.php(23): Magento\Framework\App\Http->launch()
#52 D:\xamp8.0\htdocs\VJ\vendor\magento\framework\App\Bootstrap.php(264): Magento\Framework\App\Http\Interceptor->launch()
#53 D:\xamp8.0\htdocs\VJ\pub\index.php(30): Magento\Framework\App\Bootstrap->run(Object(Magento\Framework\App\Http\Interceptor))
#54 {main}

Next Magento\Framework\Exception\IntegrationException: An error occurred during get media asset list: There is no such media asset with path "/Manoj-Vaibhav-audio.mp3" in D:\xamp8.0\htdocs\VJ\vendor\magento\module-media-gallery\Model\Asset\Command\GetByPath.php:103
Stack trace:
#0 D:\xamp8.0\htdocs\VJ\vendor\magento\module-media-content\Model\ExtractAssetsFromContent.php(88): Magento\MediaGallery\Model\Asset\Command\GetByPath->execute('/Manoj-Vaibhav-...')
#1 D:\xamp8.0\htdocs\VJ\vendor\magento\module-media-content\Model\ExtractAssetsFromContent.php(70): Magento\MediaContent\Model\ExtractAssetsFromContent->getAssetsByPaths(Array)
#2 D:\xamp8.0\htdocs\VJ\vendor\magento\module-media-content\Model\UpdateContentAssetLinks.php(109): Magento\MediaContent\Model\ExtractAssetsFromContent->execute('<style>#html-bo...')
#3 D:\xamp8.0\htdocs\VJ\vendor\magento\module-media-content\Model\UpdateContentAssetLinks.php(91): Magento\MediaContent\Model\UpdateContentAssetLinks->updateRelation(Object(Magento\MediaContent\Model\ContentIdentity), '<style>#html-bo...')
#4 D:\xamp8.0\htdocs\VJ\vendor\magento\module-media-content-cms\Observer\Page.php(91): Magento\MediaContent\Model\UpdateContentAssetLinks->execute(Object(Magento\MediaContent\Model\ContentIdentity), '<style>#html-bo...')
#5 D:\xamp8.0\htdocs\VJ\vendor\magento\framework\Event\Invoker\InvokerDefault.php(88): Magento\MediaContentCms\Observer\Page->execute(Object(Magento\Framework\Event\Observer))
#6 D:\xamp8.0\htdocs\VJ\vendor\magento\framework\Event\Invoker\InvokerDefault.php(74): Magento\Framework\Event\Invoker\InvokerDefault->_callObserverMethod(Object(Magento\MediaContentCms\Observer\Page), Object(Magento\Framework\Event\Observer))
#7 D:\xamp8.0\htdocs\VJ\vendor\magento\framework\Event\Manager.php(65): Magento\Framework\Event\Invoker\InvokerDefault->dispatch(Array, Object(Magento\Framework\Event\Observer))
#8 D:\xamp8.0\htdocs\VJ\generated\code\Magento\Framework\Event\Manager\Proxy.php(95): Magento\Framework\Event\Manager->dispatch('cms_page_save_a...', Array)
#9 D:\xamp8.0\htdocs\VJ\vendor\magento\framework\Model\AbstractModel.php(837): Magento\Framework\Event\Manager\Proxy->dispatch('cms_page_save_a...', Array)
#10 D:\xamp8.0\htdocs\VJ\vendor\magento\framework\EntityManager\Observer\AfterEntitySave.php(34): Magento\Framework\Model\AbstractModel->afterSave()
#11 D:\xamp8.0\htdocs\VJ\vendor\magento\framework\Event\Invoker\InvokerDefault.php(88): Magento\Framework\EntityManager\Observer\AfterEntitySave->execute(Object(Magento\Framework\Event\Observer))
#12 D:\xamp8.0\htdocs\VJ\vendor\magento\framework\Event\Invoker\InvokerDefault.php(74): Magento\Framework\Event\Invoker\InvokerDefault->_callObserverMethod(Object(Magento\Framework\EntityManager\Observer\AfterEntitySave), Object(Magento\Framework\Event\Observer))
#13 D:\xamp8.0\htdocs\VJ\vendor\magento\framework\Event\Manager.php(65): Magento\Framework\Event\Invoker\InvokerDefault->dispatch(Array, Object(Magento\Framework\Event\Observer))
#14 D:\xamp8.0\htdocs\VJ\generated\code\Magento\Framework\Event\Manager\Proxy.php(95): Magento\Framework\Event\Manager->dispatch('magento_cms_api...', Array)
#15 D:\xamp8.0\htdocs\VJ\vendor\magento\framework\EntityManager\EventManager.php(50): Magento\Framework\Event\Manager\Proxy->dispatch('magento_cms_api...', Array)
#16 D:\xamp8.0\htdocs\VJ\vendor\magento\framework\EntityManager\Operation\Update.php(110): Magento\Framework\EntityManager\EventManager->dispatchEntityEvent('Magento\\Cms\\Api...', 'save_after', Array)
#17 D:\xamp8.0\htdocs\VJ\vendor\magento\framework\EntityManager\EntityManager.php(106): Magento\Framework\EntityManager\Operation\Update->execute(Object(Magento\Cms\Model\Page), Array)
#18 D:\xamp8.0\htdocs\VJ\vendor\magento\module-cms\Model\ResourceModel\Page.php(399): Magento\Framework\EntityManager\EntityManager->save(Object(Magento\Cms\Model\Page))
#19 D:\xamp8.0\htdocs\VJ\vendor\magento\framework\Interception\Interceptor.php(58): Magento\Cms\Model\ResourceModel\Page->save(Object(Magento\Cms\Model\Page))
#20 D:\xamp8.0\htdocs\VJ\vendor\magento\framework\Interception\Interceptor.php(138): Magento\Cms\Model\ResourceModel\Page\Interceptor->___callParent('save', Array)
#21 D:\xamp8.0\htdocs\VJ\vendor\magento\framework\Interception\Interceptor.php(153): Magento\Cms\Model\ResourceModel\Page\Interceptor->Magento\Framework\Interception\{closure}(Object(Magento\Cms\Model\Page))
#22 D:\xamp8.0\htdocs\VJ\generated\code\Magento\Cms\Model\ResourceModel\Page\Interceptor.php(104): Magento\Cms\Model\ResourceModel\Page\Interceptor->___callPlugins('save', Array, Array)
#23 D:\xamp8.0\htdocs\VJ\vendor\magento\module-cms\Model\PageRepository.php(194): Magento\Cms\Model\ResourceModel\Page\Interceptor->save(Object(Magento\Cms\Model\Page))
#24 D:\xamp8.0\htdocs\VJ\generated\code\Magento\Cms\Model\PageRepository\Interceptor.php(23): Magento\Cms\Model\PageRepository->save(Object(Magento\Cms\Model\Page))
#25 D:\xamp8.0\htdocs\VJ\vendor\magento\module-cms\Model\PageRepository\ValidationComposite.php(71): Magento\Cms\Model\PageRepository\Interceptor->save(Object(Magento\Cms\Model\Page))
#26 D:\xamp8.0\htdocs\VJ\vendor\magento\framework\Interception\Interceptor.php(58): Magento\Cms\Model\PageRepository\ValidationComposite->save(Object(Magento\Cms\Model\Page))
#27 D:\xamp8.0\htdocs\VJ\vendor\magento\framework\Interception\Interceptor.php(138): Magento\Cms\Model\PageRepository\ValidationComposite\Interceptor->___callParent('save', Array)
#28 D:\xamp8.0\htdocs\VJ\vendor\magento\framework\Interception\Interceptor.php(153): Magento\Cms\Model\PageRepository\ValidationComposite\Interceptor->Magento\Framework\Interception\{closure}(Object(Magento\Cms\Model\Page))
#29 D:\xamp8.0\htdocs\VJ\generated\code\Magento\Cms\Model\PageRepository\ValidationComposite\Interceptor.php(23): Magento\Cms\Model\PageRepository\ValidationComposite\Interceptor->___callPlugins('save', Array, Array)
#30 D:\xamp8.0\htdocs\VJ\vendor\magento\module-cms\Controller\Adminhtml\Page\Save.php(120): Magento\Cms\Model\PageRepository\ValidationComposite\Interceptor->save(Object(Magento\Cms\Model\Page))
#31 D:\xamp8.0\htdocs\VJ\vendor\magento\framework\Interception\Interceptor.php(58): Magento\Cms\Controller\Adminhtml\Page\Save->execute()
#32 D:\xamp8.0\htdocs\VJ\vendor\magento\framework\Interception\Interceptor.php(138): Magento\Cms\Controller\Adminhtml\Page\Save\Interceptor->___callParent('execute', Array)
#33 D:\xamp8.0\htdocs\VJ\vendor\magento\framework\Interception\Interceptor.php(153): Magento\Cms\Controller\Adminhtml\Page\Save\Interceptor->Magento\Framework\Interception\{closure}()
#34 D:\xamp8.0\htdocs\VJ\generated\code\Magento\Cms\Controller\Adminhtml\Page\Save\Interceptor.php(23): Magento\Cms\Controller\Adminhtml\Page\Save\Interceptor->___callPlugins('execute', Array, Array)
#35 D:\xamp8.0\htdocs\VJ\vendor\magento\framework\App\Action\Action.php(111): Magento\Cms\Controller\Adminhtml\Page\Save\Interceptor->execute()
#36 D:\xamp8.0\htdocs\VJ\vendor\magento\module-backend\App\AbstractAction.php(151): Magento\Framework\App\Action\Action->dispatch(Object(Magento\Framework\App\Request\Http))
#37 D:\xamp8.0\htdocs\VJ\vendor\magento\framework\Interception\Interceptor.php(58): Magento\Backend\App\AbstractAction->dispatch(Object(Magento\Framework\App\Request\Http))
#38 D:\xamp8.0\htdocs\VJ\vendor\magento\framework\Interception\Interceptor.php(138): Magento\Cms\Controller\Adminhtml\Page\Save\Interceptor->___callParent('dispatch', Array)
#39 D:\xamp8.0\htdocs\VJ\vendor\magento\module-backend\App\Action\Plugin\Authentication.php(145): Magento\Cms\Controller\Adminhtml\Page\Save\Interceptor->Magento\Framework\Interception\{closure}(Object(Magento\Framework\App\Request\Http))
#40 D:\xamp8.0\htdocs\VJ\vendor\magento\framework\Interception\Interceptor.php(135): Magento\Backend\App\Action\Plugin\Authentication->aroundDispatch(Object(Magento\Cms\Controller\Adminhtml\Page\Save\Interceptor), Object(Closure), Object(Magento\Framework\App\Request\Http))
#41 D:\xamp8.0\htdocs\VJ\vendor\magento\framework\Interception\Interceptor.php(153): Magento\Cms\Controller\Adminhtml\Page\Save\Interceptor->Magento\Framework\Interception\{closure}(Object(Magento\Framework\App\Request\Http))
#42 D:\xamp8.0\htdocs\VJ\generated\code\Magento\Cms\Controller\Adminhtml\Page\Save\Interceptor.php(32): Magento\Cms\Controller\Adminhtml\Page\Save\Interceptor->___callPlugins('dispatch', Array, Array)
#43 D:\xamp8.0\htdocs\VJ\vendor\magento\framework\App\FrontController.php(245): Magento\Cms\Controller\Adminhtml\Page\Save\Interceptor->dispatch(Object(Magento\Framework\App\Request\Http))
#44 D:\xamp8.0\htdocs\VJ\vendor\magento\framework\App\FrontController.php(212): Magento\Framework\App\FrontController->getActionResponse(Object(Magento\Cms\Controller\Adminhtml\Page\Save\Interceptor), Object(Magento\Framework\App\Request\Http))
#45 D:\xamp8.0\htdocs\VJ\vendor\magento\framework\App\FrontController.php(147): Magento\Framework\App\FrontController->processRequest(Object(Magento\Framework\App\Request\Http), Object(Magento\Cms\Controller\Adminhtml\Page\Save\Interceptor))
#46 D:\xamp8.0\htdocs\VJ\vendor\magento\framework\Interception\Interceptor.php(58): Magento\Framework\App\FrontController->dispatch(Object(Magento\Framework\App\Request\Http))
#47 D:\xamp8.0\htdocs\VJ\vendor\magento\framework\Interception\Interceptor.php(138): Magento\Framework\App\FrontController\Interceptor->___callParent('dispatch', Array)
#48 D:\xamp8.0\htdocs\VJ\vendor\magento\framework\Interception\Interceptor.php(153): Magento\Framework\App\FrontController\Interceptor->Magento\Framework\Interception\{closure}(Object(Magento\Framework\App\Request\Http))
#49 D:\xamp8.0\htdocs\VJ\generated\code\Magento\Framework\App\FrontController\Interceptor.php(23): Magento\Framework\App\FrontController\Interceptor->___callPlugins('dispatch', Array, Array)
#50 D:\xamp8.0\htdocs\VJ\vendor\magento\framework\App\Http.php(116): Magento\Framework\App\FrontController\Interceptor->dispatch(Object(Magento\Framework\App\Request\Http))
#51 D:\xamp8.0\htdocs\VJ\generated\code\Magento\Framework\App\Http\Interceptor.php(23): Magento\Framework\App\Http->launch()
#52 D:\xamp8.0\htdocs\VJ\vendor\magento\framework\App\Bootstrap.php(264): Magento\Framework\App\Http\Interceptor->launch()
#53 D:\xamp8.0\htdocs\VJ\pub\index.php(30): Magento\Framework\App\Bootstrap->run(Object(Magento\Framework\App\Http\Interceptor))
#54 {main} {"exception":"[object] (Magento\\Framework\\Exception\\IntegrationException(code: 0): An error occurred during get media asset list: There is no such media asset with path \"/Manoj-Vaibhav-audio.mp3\" at D:\\xamp8.0\\htdocs\\VJ\\vendor\\magento\\module-media-gallery\\Model\\Asset\\Command\\GetByPath.php:103)
[previous exception] [object] (Magento\\Framework\\Exception\\NoSuchEntityException(code: 0): There is no such media asset with path \"/Manoj-Vaibhav-audio.mp3\" at D:\\xamp8.0\\htdocs\\VJ\\vendor\\magento\\module-media-gallery\\Model\\Asset\\Command\\GetByPath.php:81)"} []
