[2025-02-18T06:43:01.481610+00:00] main.INFO: Broken reference: the 'catalog.compare.sidebar' element cannot be added as child to 'sidebar.additional', because the latter doesn't exist [] []
[2025-02-18T06:43:01.484566+00:00] main.INFO: Broken reference: the 'sale.reorder.sidebar' element cannot be added as child to 'sidebar.additional', because the latter doesn't exist [] []
[2025-02-18T06:43:01.486815+00:00] main.INFO: Broken reference: the 'wishlist_sidebar' element cannot be added as child to 'sidebar.additional', because the latter doesn't exist [] []
[2025-02-18T06:43:01.488733+00:00] main.INFO: Broken reference: the 'paypal.partner.right.logo' element cannot be added as child to 'sidebar.additional', because the latter doesn't exist [] []
[2025-02-18T06:43:01.491647+00:00] main.INFO: Broken reference: the 'bml.right.logo' element cannot be added as child to 'sidebar.additional', because the latter doesn't exist [] []
[2025-02-18T06:43:01.513576+00:00] main.INFO: Broken reference: the 'sidebar.container.paylater' element cannot be added as child to 'sidebar.additional', because the latter doesn't exist [] []
[2025-02-18T06:43:14.567245+00:00] main.INFO: Broken reference: the 'notification.messages' tries to reorder itself towards 'user', but their parents are different: 'header.inner.right' and 'header' respectively. [] []
[2025-02-18T06:43:17.335575+00:00] main.INFO: Item Magento_Backend::system_currency was removed [] []
[2025-02-18T06:43:17.349055+00:00] main.INFO: Add of item with id Magento_Config::system_config was processed [] []
[2025-02-18T06:43:17.351041+00:00] main.INFO: Add of item with id Magento_AdminNotification::system_adminnotification was processed [] []
[2025-02-18T06:43:17.352882+00:00] main.INFO: Add of item with id Magento_Theme::design_config was processed [] []
[2025-02-18T06:43:17.355308+00:00] main.INFO: Add of item with id Magento_Theme::system_design_theme was processed [] []
[2025-02-18T06:43:17.357429+00:00] main.INFO: Add of item with id Magento_Backend::system_design_schedule was processed [] []
[2025-02-18T06:43:17.363365+00:00] main.INFO: Add of item with id Magento_Backend::system_store was processed [] []
[2025-02-18T06:43:17.365406+00:00] main.INFO: Add of item with id Magento_Backend::dashboard was processed [] []
[2025-02-18T06:43:17.367368+00:00] main.INFO: Add of item with id Magento_Backend::system was processed [] []
[2025-02-18T06:43:17.369896+00:00] main.INFO: Add of item with id Magento_Backend::system_tools was processed [] []
[2025-02-18T06:43:17.373571+00:00] main.INFO: Add of item with id Magento_Backend::system_design was processed [] []
[2025-02-18T06:43:17.375441+00:00] main.INFO: Add of item with id Magento_Backend::system_convert was processed [] []
[2025-02-18T06:43:17.377659+00:00] main.INFO: Add of item with id Magento_Backend::system_cache was processed [] []
[2025-02-18T06:43:17.379842+00:00] main.INFO: Add of item with id Magento_Backend::marketing was processed [] []
[2025-02-18T06:43:17.381890+00:00] main.INFO: Add of item with id Magento_Backend::marketing_communications was processed [] []
[2025-02-18T06:43:17.383698+00:00] main.INFO: Add of item with id Magento_Backend::marketing_seo was processed [] []
[2025-02-18T06:43:17.385437+00:00] main.INFO: Add of item with id Magento_Backend::marketing_user_content was processed [] []
[2025-02-18T06:43:17.387148+00:00] main.INFO: Add of item with id Magento_Backend::content was processed [] []
[2025-02-18T06:43:17.390721+00:00] main.INFO: Add of item with id Magento_Backend::content_elements was processed [] []
[2025-02-18T06:43:17.392606+00:00] main.INFO: Add of item with id Magento_Backend::stores was processed [] []
[2025-02-18T06:43:17.394432+00:00] main.INFO: Add of item with id Magento_Backend::stores_settings was processed [] []
[2025-02-18T06:43:17.396189+00:00] main.INFO: Add of item with id Magento_Backend::stores_attributes was processed [] []
[2025-02-18T06:43:17.398068+00:00] main.INFO: Add of item with id Magento_Backend::other_settings was processed [] []
[2025-02-18T06:43:17.414306+00:00] main.INFO: Add of item with id Magento_Backend::system_other_settings was processed [] []
[2025-02-18T06:43:17.416307+00:00] main.INFO: Add of item with id Magento_User::system_acl was processed [] []
[2025-02-18T06:43:17.419126+00:00] main.INFO: Add of item with id Magento_User::system_acl_users was processed [] []
[2025-02-18T06:43:17.420930+00:00] main.INFO: Add of item with id Magento_User::system_acl_roles was processed [] []
[2025-02-18T06:43:17.424202+00:00] main.INFO: Add of item with id Magento_User::system_acl_locks was processed [] []
[2025-02-18T06:43:17.426166+00:00] main.INFO: Add of item with id Magento_Customer::customer was processed [] []
[2025-02-18T06:43:17.428206+00:00] main.INFO: Add of item with id Magento_Customer::customer_manage was processed [] []
[2025-02-18T06:43:17.430019+00:00] main.INFO: Add of item with id Magento_Customer::customer_online was processed [] []
[2025-02-18T06:43:17.431867+00:00] main.INFO: Add of item with id Magento_Customer::customer_group was processed [] []
[2025-02-18T06:43:17.433620+00:00] main.INFO: Add of item with id Magento_Backup::system_tools_backup was processed [] []
[2025-02-18T06:43:17.437130+00:00] main.INFO: Add of item with id Magento_Indexer::system_index was processed [] []
[2025-02-18T06:43:17.440274+00:00] main.INFO: Add of item with id Magento_Variable::system_variable was processed [] []
[2025-02-18T06:43:17.442092+00:00] main.INFO: Add of item with id Magento_Cms::cms_page was processed [] []
[2025-02-18T06:43:17.443830+00:00] main.INFO: Add of item with id Magento_Cms::cms_block was processed [] []
[2025-02-18T06:43:17.445914+00:00] main.INFO: Add of item with id Magento_Search::search_terms was processed [] []
[2025-02-18T06:43:17.447932+00:00] main.INFO: Add of item with id Magento_Search::search_synonyms was processed [] []
[2025-02-18T06:43:17.450158+00:00] main.INFO: Add of item with id Magento_Catalog::catalog was processed [] []
[2025-02-18T06:43:17.452057+00:00] main.INFO: Add of item with id Magento_Catalog::catalog_products was processed [] []
[2025-02-18T06:43:17.456458+00:00] main.INFO: Add of item with id Magento_Catalog::catalog_categories was processed [] []
[2025-02-18T06:43:17.458912+00:00] main.INFO: Add of item with id Magento_Catalog::catalog_attributes_attributes was processed [] []
[2025-02-18T06:43:17.461025+00:00] main.INFO: Add of item with id Magento_Catalog::catalog_attributes_sets was processed [] []
[2025-02-18T06:43:17.462991+00:00] main.INFO: Add of item with id Magento_Catalog::inventory was processed [] []
[2025-02-18T06:43:17.464965+00:00] main.INFO: Add of item with id Magento_CatalogRule::promo was processed [] []
[2025-02-18T06:43:17.466742+00:00] main.INFO: Add of item with id Magento_CatalogRule::promo_catalog was processed [] []
[2025-02-18T06:43:17.468612+00:00] main.INFO: Add of item with id Magento_MediaGalleryUi::media was processed [] []
[2025-02-18T06:43:17.480376+00:00] main.INFO: Add of item with id Magento_MediaGalleryUi::media_gallery was processed [] []
[2025-02-18T06:43:17.482968+00:00] main.INFO: Add of item with id Magento_Integration::system_extensions was processed [] []
[2025-02-18T06:43:17.484813+00:00] main.INFO: Add of item with id Magento_Integration::system_integrations was processed [] []
[2025-02-18T06:43:17.486736+00:00] main.INFO: Add of item with id Magento_Sales::sales was processed [] []
[2025-02-18T06:43:17.489246+00:00] main.INFO: Add of item with id Magento_Sales::sales_operation was processed [] []
[2025-02-18T06:43:17.491352+00:00] main.INFO: Add of item with id Magento_Sales::sales_order was processed [] []
[2025-02-18T06:43:17.493135+00:00] main.INFO: Add of item with id Magento_Sales::sales_invoice was processed [] []
[2025-02-18T06:43:17.499088+00:00] main.INFO: Add of item with id Magento_Sales::sales_shipment was processed [] []
[2025-02-18T06:43:17.500867+00:00] main.INFO: Add of item with id Magento_Sales::sales_creditmemo was processed [] []
[2025-02-18T06:43:17.502774+00:00] main.INFO: Add of item with id Magento_Sales::sales_transactions was processed [] []
[2025-02-18T06:43:17.506111+00:00] main.INFO: Add of item with id Magento_Sales::system_order_statuses was processed [] []
[2025-02-18T06:43:17.508478+00:00] main.INFO: Add of item with id Magento_Widget::cms_widget_instance was processed [] []
[2025-02-18T06:43:17.510248+00:00] main.INFO: Add of item with id Magento_Analytics::business_intelligence was processed [] []
[2025-02-18T06:43:17.511968+00:00] main.INFO: Add of item with id Magento_Analytics::advanced_reporting was processed [] []
[2025-02-18T06:43:17.513752+00:00] main.INFO: Add of item with id Magento_Analytics::bi_essentials was processed [] []
[2025-02-18T06:43:17.516047+00:00] main.INFO: Add of item with id Magento_Downloadable::report_products_downloads was processed [] []
[2025-02-18T06:43:17.526076+00:00] main.INFO: Add of item with id Magento_ImportExport::system_convert_import was processed [] []
[2025-02-18T06:43:17.527827+00:00] main.INFO: Add of item with id Magento_ImportExport::system_convert_export was processed [] []
[2025-02-18T06:43:17.529573+00:00] main.INFO: Add of item with id Magento_ImportExport::system_convert_history was processed [] []
[2025-02-18T06:43:17.531347+00:00] main.INFO: Add of item with id Magento_Email::template was processed [] []
[2025-02-18T06:43:17.533546+00:00] main.INFO: Add of item with id Magento_EncryptionKey::system_crypt_key was processed [] []
[2025-02-18T06:43:17.539579+00:00] main.INFO: Add of item with id Magento_InventoryAdminUi::inventory was processed [] []
[2025-02-18T06:43:17.541625+00:00] main.INFO: Add of item with id Magento_InventoryAdminUi::source was processed [] []
[2025-02-18T06:43:17.543473+00:00] main.INFO: Add of item with id Magento_InventoryAdminUi::stock was processed [] []
[2025-02-18T06:43:17.551675+00:00] main.INFO: Add of item with id Magento_Reports::report was processed [] []
[2025-02-18T06:43:17.553772+00:00] main.INFO: Add of item with id Magento_Reports::report_marketing was processed [] []
[2025-02-18T06:43:17.557049+00:00] main.INFO: Add of item with id Magento_Reports::report_salesroot was processed [] []
[2025-02-18T06:43:17.558850+00:00] main.INFO: Add of item with id Magento_Reports::report_salesroot_sales was processed [] []
[2025-02-18T06:43:17.560585+00:00] main.INFO: Add of item with id Magento_Reports::report_salesroot_tax was processed [] []
[2025-02-18T06:43:17.562551+00:00] main.INFO: Add of item with id Magento_Reports::report_salesroot_invoiced was processed [] []
[2025-02-18T06:43:17.564587+00:00] main.INFO: Add of item with id Magento_Reports::report_salesroot_shipping was processed [] []
[2025-02-18T06:43:17.566438+00:00] main.INFO: Add of item with id Magento_Reports::report_salesroot_refunded was processed [] []
[2025-02-18T06:43:17.569293+00:00] main.INFO: Add of item with id Magento_Reports::report_salesroot_coupons was processed [] []
[2025-02-18T06:43:17.574240+00:00] main.INFO: Add of item with id Magento_Reports::report_shopcart_product was processed [] []
[2025-02-18T06:43:17.576101+00:00] main.INFO: Add of item with id Magento_Reports::report_shopcart_abandoned was processed [] []
[2025-02-18T06:43:17.577820+00:00] main.INFO: Add of item with id Magento_Reports::report_products was processed [] []
[2025-02-18T06:43:17.579505+00:00] main.INFO: Add of item with id Magento_Reports::report_products_bestsellers was processed [] []
[2025-02-18T06:43:17.581273+00:00] main.INFO: Add of item with id Magento_Reports::report_products_sold was processed [] []
[2025-02-18T06:43:17.582984+00:00] main.INFO: Add of item with id Magento_Reports::report_products_viewed was processed [] []
[2025-02-18T06:43:17.586030+00:00] main.INFO: Add of item with id Magento_Reports::report_products_lowstock was processed [] []
[2025-02-18T06:43:17.591528+00:00] main.INFO: Add of item with id Magento_Reports::report_customers was processed [] []
[2025-02-18T06:43:17.593400+00:00] main.INFO: Add of item with id Magento_Reports::report_customers_accounts was processed [] []
[2025-02-18T06:43:17.595238+00:00] main.INFO: Add of item with id Magento_Reports::report_customers_totals was processed [] []
[2025-02-18T06:43:17.597222+00:00] main.INFO: Add of item with id Magento_Reports::report_customers_orders was processed [] []
[2025-02-18T06:43:17.599061+00:00] main.INFO: Add of item with id Magento_Reports::report_statistics was processed [] []
[2025-02-18T06:43:17.600860+00:00] main.INFO: Add of item with id Magento_Reports::report_statistics_refresh was processed [] []
[2025-02-18T06:43:17.602660+00:00] main.INFO: Add of item with id Magento_Search::report_search_term was processed [] []
[2025-02-18T06:43:17.606332+00:00] main.INFO: Add of item with id Magento_LoginAsCustomerLog::login_log was processed [] []
[2025-02-18T06:43:17.608339+00:00] main.INFO: Add of item with id Magento_Marketplace::partners was processed [] []
[2025-02-18T06:43:17.610185+00:00] main.INFO: Add of item with id Magento_Newsletter::newsletter_template was processed [] []
[2025-02-18T06:43:17.612068+00:00] main.INFO: Add of item with id Magento_Newsletter::newsletter_queue was processed [] []
[2025-02-18T06:43:17.614018+00:00] main.INFO: Add of item with id Magento_Newsletter::newsletter_subscriber was processed [] []
[2025-02-18T06:43:17.616038+00:00] main.INFO: Add of item with id Magento_Newsletter::newsletter_problem was processed [] []
[2025-02-18T06:43:17.618531+00:00] main.INFO: Add of item with id Magento_SalesRule::promo_quote was processed [] []
[2025-02-18T06:43:17.620439+00:00] main.INFO: Add of item with id Magento_Sitemap::catalog_sitemap was processed [] []
[2025-02-18T06:43:17.623590+00:00] main.INFO: Add of item with id Magento_PageBuilder::templates was processed [] []
[2025-02-18T06:43:17.625364+00:00] main.INFO: Add of item with id Magento_Paypal::report_salesroot_paypal_settlement_reports was processed [] []
[2025-02-18T06:43:17.634653+00:00] main.INFO: Add of item with id Magento_Paypal::paypal_billing_agreement was processed [] []
[2025-02-18T06:43:17.636556+00:00] main.INFO: Add of item with id Magento_CheckoutAgreements::sales_checkoutagreement was processed [] []
[2025-02-18T06:43:17.640912+00:00] main.INFO: Add of item with id Magento_Review::catalog_reviews_ratings_ratings was processed [] []
[2025-02-18T06:43:17.643232+00:00] main.INFO: Add of item with id Magento_Review::catalog_reviews_ratings_pending was processed [] []
[2025-02-18T06:43:17.645256+00:00] main.INFO: Add of item with id Magento_Review::catalog_reviews_ratings_reviews_all was processed [] []
[2025-02-18T06:43:17.647032+00:00] main.INFO: Add of item with id Magento_Review::report_review was processed [] []
[2025-02-18T06:43:17.648782+00:00] main.INFO: Add of item with id Magento_Review::report_review_customer was processed [] []
[2025-02-18T06:43:17.650515+00:00] main.INFO: Add of item with id Magento_Review::report_review_product was processed [] []
[2025-02-18T06:43:17.652239+00:00] main.INFO: Add of item with id Magento_UrlRewrite::urlrewrite was processed [] []
[2025-02-18T06:43:17.654006+00:00] main.INFO: Add of item with id Magento_Tax::sales_tax was processed [] []
[2025-02-18T06:43:17.658122+00:00] main.INFO: Add of item with id Magento_Tax::sales_tax_rules was processed [] []
[2025-02-18T06:43:17.660117+00:00] main.INFO: Add of item with id Magento_Tax::sales_tax_rates was processed [] []
[2025-02-18T06:43:17.662047+00:00] main.INFO: Add of item with id Magento_TaxImportExport::system_convert_tax was processed [] []
[2025-02-18T06:43:17.664012+00:00] main.INFO: Add of item with id Magento_AsynchronousOperations::system_magento_logging was processed [] []
[2025-02-18T06:43:17.665807+00:00] main.INFO: Add of item with id Magento_AsynchronousOperations::system_magento_logging_bulk_operations was processed [] []
[2025-02-18T06:43:17.667676+00:00] main.INFO: Add of item with id Magento_CurrencySymbol::system_currency was processed [] []
[2025-02-18T06:43:17.669700+00:00] main.INFO: Add of item with id Magento_CurrencySymbol::system_currency_rates was processed [] []
[2025-02-18T06:43:17.673738+00:00] main.INFO: Add of item with id Magento_CurrencySymbol::system_currency_symbols was processed [] []
[2025-02-18T06:43:17.675993+00:00] main.INFO: Add of item with id PayPal_Braintree::settlement_report was processed [] []
[2025-02-18T06:43:17.677955+00:00] main.INFO: Add of item with id PayPal_Braintree::virtual_terminal was processed [] []
[2025-02-18T06:46:16.682854+00:00] main.ERROR: Requested path frontend/Vaibhav/jewellers/en_US/Magento_PageBuilder/js/resource/jarallax/jarallax.js.map is wrong. [] []
[2025-02-18T06:46:16.682993+00:00] main.ERROR: Requested path frontend/Vaibhav/jewellers/en_US/vimeo/player.js.map is wrong. [] []
[2025-02-18T06:46:16.685327+00:00] main.CRITICAL: Requested path frontend/Vaibhav/jewellers/en_US/Magento_PageBuilder/js/resource/jarallax/jarallax.js.map is wrong. [] []
[2025-02-18T06:46:16.685687+00:00] main.CRITICAL: Requested path frontend/Vaibhav/jewellers/en_US/vimeo/player.js.map is wrong. [] []
[2025-02-18T06:46:16.699878+00:00] main.ERROR: Requested path frontend/Vaibhav/jewellers/en_US/Magento_PageBuilder/js/resource/jarallax/jarallax-video.js.map is wrong. [] []
[2025-02-18T06:46:16.702697+00:00] main.CRITICAL: Requested path frontend/Vaibhav/jewellers/en_US/Magento_PageBuilder/js/resource/jarallax/jarallax-video.js.map is wrong. [] []
[2025-02-18T06:47:27.359430+00:00] main.INFO: Broken reference: the 'catalog.compare.sidebar' element cannot be added as child to 'sidebar.additional', because the latter doesn't exist [] []
[2025-02-18T06:47:27.362253+00:00] main.INFO: Broken reference: the 'sale.reorder.sidebar' element cannot be added as child to 'sidebar.additional', because the latter doesn't exist [] []
[2025-02-18T06:47:27.364148+00:00] main.INFO: Broken reference: the 'wishlist_sidebar' element cannot be added as child to 'sidebar.additional', because the latter doesn't exist [] []
[2025-02-18T06:47:27.365857+00:00] main.INFO: Broken reference: the 'paypal.partner.right.logo' element cannot be added as child to 'sidebar.additional', because the latter doesn't exist [] []
[2025-02-18T06:47:27.367454+00:00] main.INFO: Broken reference: the 'bml.right.logo' element cannot be added as child to 'sidebar.additional', because the latter doesn't exist [] []
[2025-02-18T06:47:27.369069+00:00] main.INFO: Broken reference: the 'sidebar.container.paylater' element cannot be added as child to 'sidebar.additional', because the latter doesn't exist [] []
[2025-02-18T06:48:44.463776+00:00] main.ERROR: Requested path frontend/Vaibhav/jewellers/en_US/vimeo/player.js.map is wrong. [] []
[2025-02-18T06:48:44.466272+00:00] main.CRITICAL: Requested path frontend/Vaibhav/jewellers/en_US/vimeo/player.js.map is wrong. [] []
[2025-02-18T06:48:44.471791+00:00] main.ERROR: Requested path frontend/Vaibhav/jewellers/en_US/Magento_PageBuilder/js/resource/jarallax/jarallax.js.map is wrong. [] []
[2025-02-18T06:48:44.474484+00:00] main.CRITICAL: Requested path frontend/Vaibhav/jewellers/en_US/Magento_PageBuilder/js/resource/jarallax/jarallax.js.map is wrong. [] []
[2025-02-18T06:48:44.502081+00:00] main.ERROR: Requested path frontend/Vaibhav/jewellers/en_US/Magento_PageBuilder/js/resource/jarallax/jarallax-video.js.map is wrong. [] []
[2025-02-18T06:48:44.504445+00:00] main.CRITICAL: Requested path frontend/Vaibhav/jewellers/en_US/Magento_PageBuilder/js/resource/jarallax/jarallax-video.js.map is wrong. [] []
[2025-02-18T07:01:48.395761+00:00] main.INFO: Broken reference: the 'catalog.compare.sidebar' element cannot be added as child to 'sidebar.additional', because the latter doesn't exist [] []
[2025-02-18T07:01:48.399986+00:00] main.INFO: Broken reference: the 'sale.reorder.sidebar' element cannot be added as child to 'sidebar.additional', because the latter doesn't exist [] []
[2025-02-18T07:01:48.405571+00:00] main.INFO: Broken reference: the 'wishlist_sidebar' element cannot be added as child to 'sidebar.additional', because the latter doesn't exist [] []
[2025-02-18T07:01:48.407711+00:00] main.INFO: Broken reference: the 'paypal.partner.right.logo' element cannot be added as child to 'sidebar.additional', because the latter doesn't exist [] []
[2025-02-18T07:01:48.409856+00:00] main.INFO: Broken reference: the 'bml.right.logo' element cannot be added as child to 'sidebar.additional', because the latter doesn't exist [] []
[2025-02-18T07:01:48.411662+00:00] main.INFO: Broken reference: the 'sidebar.container.paylater' element cannot be added as child to 'sidebar.additional', because the latter doesn't exist [] []
[2025-02-18T07:01:58.380687+00:00] main.INFO: Broken reference: the 'tracking' element cannot be added as child to 'header', because the latter doesn't exist [] []
[2025-02-18T07:01:58.383192+00:00] main.INFO: Broken reference: the 'notification_area' element cannot be added as child to 'notifications', because the latter doesn't exist [] []
[2025-02-18T07:01:58.385028+00:00] main.INFO: Broken reference: the 'unread_system_messages' element cannot be added as child to 'notifications', because the latter doesn't exist [] []
[2025-02-18T07:01:58.387179+00:00] main.INFO: Broken reference: the 'notification_window' element cannot be added as child to 'notifications', because the latter doesn't exist [] []
[2025-02-18T07:01:58.388815+00:00] main.INFO: Broken reference: the 'notification.messages' element cannot be added as child to 'header', because the latter doesn't exist [] []
[2025-02-18T07:01:58.390490+00:00] main.INFO: Broken reference: the 'global_notices' element cannot be added as child to 'global.notices', because the latter doesn't exist [] []
[2025-02-18T07:01:58.392133+00:00] main.INFO: Broken reference: the 'logo' element cannot be added as child to 'header', because the latter doesn't exist [] []
[2025-02-18T07:01:58.393752+00:00] main.INFO: Broken reference: the 'global.search' element cannot be added as child to 'header', because the latter doesn't exist [] []
[2025-02-18T07:01:58.395526+00:00] main.INFO: Broken reference: the 'user' element cannot be added as child to 'header', because the latter doesn't exist [] []
[2025-02-18T07:01:58.397415+00:00] main.INFO: Broken reference: the 'menu' element cannot be added as child to 'page.menu', because the latter doesn't exist [] []
[2025-02-18T07:01:58.399011+00:00] main.INFO: Broken reference: the 'breadcrumbs' element cannot be added as child to 'page.breadcrumbs', because the latter doesn't exist [] []
[2025-02-18T07:01:58.400631+00:00] main.INFO: Broken reference: the 'formkey' element cannot be added as child to 'page.formkey', because the latter doesn't exist [] []
[2025-02-18T07:01:58.402588+00:00] main.INFO: Broken reference: the 'page.title' element cannot be added as child to 'main.top', because the latter doesn't exist [] []
[2025-02-18T07:01:58.404591+00:00] main.INFO: Broken reference: the 'messages' element cannot be added as child to 'page.messages', because the latter doesn't exist [] []
[2025-02-18T07:01:58.406205+00:00] main.INFO: Broken reference: the 'page.actions.toolbar' element cannot be added as child to 'page.main.actions', because the latter doesn't exist [] []
[2025-02-18T07:01:58.407825+00:00] main.INFO: Broken reference: the 'legal' element cannot be added as child to 'footer', because the latter doesn't exist [] []
[2025-02-18T07:01:58.409586+00:00] main.INFO: Broken reference: the 'header.inner.left' element cannot be added as child to 'header', because the latter doesn't exist [] []
[2025-02-18T07:01:58.411240+00:00] main.INFO: Broken reference: the 'header.inner.right' element cannot be added as child to 'header', because the latter doesn't exist [] []
[2025-02-18T07:01:58.413198+00:00] main.INFO: Broken reference: the 'user' tries to reorder itself towards '', but their parents are different: 'header' and '' respectively. [] []
[2025-02-18T07:01:58.414813+00:00] main.INFO: Broken reference: the 'notification.messages' tries to reorder itself towards 'user', but their parents are different: 'header' and '' respectively. [] []
[2025-02-18T07:01:58.416476+00:00] main.INFO: Broken reference: the 'logo' tries to reorder itself towards '', but their parents are different: 'header' and '' respectively. [] []
[2025-02-18T07:01:58.418049+00:00] main.INFO: Broken reference: the 'global.search' tries to reorder itself towards 'logo', but their parents are different: 'header' and '' respectively. [] []
[2025-02-18T07:01:58.420262+00:00] main.INFO: Broken reference: the 'page.actions.toolbar' tries to reorder itself towards '', but their parents are different: 'page.main.actions' and '' respectively. [] []
[2025-02-18T07:01:58.422006+00:00] main.INFO: Broken reference: the 'header.inner.left' tries to reorder itself towards '', but their parents are different: 'header' and '' respectively. [] []
[2025-02-18T07:01:58.423629+00:00] main.INFO: Broken reference: the 'header.inner.right' tries to reorder itself towards 'header.inner.left', but their parents are different: 'header' and '' respectively. [] []
[2025-02-18T07:01:58.425248+00:00] main.INFO: Broken reference: the 'notification.messages' tries to reorder itself towards 'user', but their parents are different: 'header.inner.right' and '' respectively. [] []
[2025-02-18T07:02:04.166341+00:00] main.ERROR: Requested path frontend/Vaibhav/jewellers/en_US/Magento_PageBuilder/js/resource/jarallax/jarallax.js.map is wrong. [] []
[2025-02-18T07:02:04.168903+00:00] main.CRITICAL: Requested path frontend/Vaibhav/jewellers/en_US/Magento_PageBuilder/js/resource/jarallax/jarallax.js.map is wrong. [] []
[2025-02-18T07:02:04.338148+00:00] main.ERROR: Requested path frontend/Vaibhav/jewellers/en_US/Magento_PageBuilder/js/resource/jarallax/jarallax-video.js.map is wrong. [] []
[2025-02-18T07:02:04.344189+00:00] main.CRITICAL: Requested path frontend/Vaibhav/jewellers/en_US/Magento_PageBuilder/js/resource/jarallax/jarallax-video.js.map is wrong. [] []
[2025-02-18T07:02:04.455436+00:00] main.ERROR: Requested path frontend/Vaibhav/jewellers/en_US/vimeo/player.js.map is wrong. [] []
[2025-02-18T07:02:04.457887+00:00] main.CRITICAL: Requested path frontend/Vaibhav/jewellers/en_US/vimeo/player.js.map is wrong. [] []
[2025-02-18T07:02:07.608159+00:00] main.INFO: Item Magento_Backend::system_currency was removed [] []
[2025-02-18T07:02:07.815585+00:00] main.INFO: Add of item with id Magento_Config::system_config was processed [] []
[2025-02-18T07:02:07.817499+00:00] main.INFO: Add of item with id Magento_AdminNotification::system_adminnotification was processed [] []
[2025-02-18T07:02:07.819130+00:00] main.INFO: Add of item with id Magento_Theme::design_config was processed [] []
[2025-02-18T07:02:07.820770+00:00] main.INFO: Add of item with id Magento_Theme::system_design_theme was processed [] []
[2025-02-18T07:02:07.822410+00:00] main.INFO: Add of item with id Magento_Backend::system_design_schedule was processed [] []
[2025-02-18T07:02:07.824335+00:00] main.INFO: Add of item with id Magento_Backend::system_store was processed [] []
[2025-02-18T07:02:07.826283+00:00] main.INFO: Add of item with id Magento_Backend::dashboard was processed [] []
[2025-02-18T07:02:07.828540+00:00] main.INFO: Add of item with id Magento_Backend::system was processed [] []
[2025-02-18T07:02:07.831204+00:00] main.INFO: Add of item with id Magento_Backend::system_tools was processed [] []
[2025-02-18T07:02:07.833063+00:00] main.INFO: Add of item with id Magento_Backend::system_design was processed [] []
[2025-02-18T07:02:07.835126+00:00] main.INFO: Add of item with id Magento_Backend::system_convert was processed [] []
[2025-02-18T07:02:07.836956+00:00] main.INFO: Add of item with id Magento_Backend::system_cache was processed [] []
[2025-02-18T07:02:07.838779+00:00] main.INFO: Add of item with id Magento_Backend::marketing was processed [] []
[2025-02-18T07:02:07.840892+00:00] main.INFO: Add of item with id Magento_Backend::marketing_communications was processed [] []
[2025-02-18T07:02:07.842794+00:00] main.INFO: Add of item with id Magento_Backend::marketing_seo was processed [] []
[2025-02-18T07:02:07.845966+00:00] main.INFO: Add of item with id Magento_Backend::marketing_user_content was processed [] []
[2025-02-18T07:02:07.849854+00:00] main.INFO: Add of item with id Magento_Backend::content was processed [] []
[2025-02-18T07:02:07.854807+00:00] main.INFO: Add of item with id Magento_Backend::content_elements was processed [] []
[2025-02-18T07:02:07.856531+00:00] main.INFO: Add of item with id Magento_Backend::stores was processed [] []
[2025-02-18T07:02:07.858219+00:00] main.INFO: Add of item with id Magento_Backend::stores_settings was processed [] []
[2025-02-18T07:02:07.859796+00:00] main.INFO: Add of item with id Magento_Backend::stores_attributes was processed [] []
[2025-02-18T07:02:07.861794+00:00] main.INFO: Add of item with id Magento_Backend::other_settings was processed [] []
[2025-02-18T07:02:07.863580+00:00] main.INFO: Add of item with id Magento_Backend::system_other_settings was processed [] []
[2025-02-18T07:02:07.865277+00:00] main.INFO: Add of item with id Magento_User::system_acl was processed [] []
[2025-02-18T07:02:07.867383+00:00] main.INFO: Add of item with id Magento_User::system_acl_users was processed [] []
[2025-02-18T07:02:07.869159+00:00] main.INFO: Add of item with id Magento_User::system_acl_roles was processed [] []
[2025-02-18T07:02:07.871262+00:00] main.INFO: Add of item with id Magento_User::system_acl_locks was processed [] []
[2025-02-18T07:02:07.873183+00:00] main.INFO: Add of item with id Magento_Customer::customer was processed [] []
[2025-02-18T07:02:07.874842+00:00] main.INFO: Add of item with id Magento_Customer::customer_manage was processed [] []
[2025-02-18T07:02:07.876533+00:00] main.INFO: Add of item with id Magento_Customer::customer_online was processed [] []
[2025-02-18T07:02:07.879013+00:00] main.INFO: Add of item with id Magento_Customer::customer_group was processed [] []
[2025-02-18T07:02:07.881447+00:00] main.INFO: Add of item with id Magento_Backup::system_tools_backup was processed [] []
[2025-02-18T07:02:07.888212+00:00] main.INFO: Add of item with id Magento_Indexer::system_index was processed [] []
[2025-02-18T07:02:07.889868+00:00] main.INFO: Add of item with id Magento_Variable::system_variable was processed [] []
[2025-02-18T07:02:07.891527+00:00] main.INFO: Add of item with id Magento_Cms::cms_page was processed [] []
[2025-02-18T07:02:07.893323+00:00] main.INFO: Add of item with id Magento_Cms::cms_block was processed [] []
[2025-02-18T07:02:07.896074+00:00] main.INFO: Add of item with id Magento_Search::search_terms was processed [] []
[2025-02-18T07:02:07.898182+00:00] main.INFO: Add of item with id Magento_Search::search_synonyms was processed [] []
[2025-02-18T07:02:07.900370+00:00] main.INFO: Add of item with id Magento_Catalog::catalog was processed [] []
[2025-02-18T07:02:07.903352+00:00] main.INFO: Add of item with id Magento_Catalog::catalog_products was processed [] []
[2025-02-18T07:02:07.905048+00:00] main.INFO: Add of item with id Magento_Catalog::catalog_categories was processed [] []
[2025-02-18T07:02:07.906691+00:00] main.INFO: Add of item with id Magento_Catalog::catalog_attributes_attributes was processed [] []
[2025-02-18T07:02:07.908473+00:00] main.INFO: Add of item with id Magento_Catalog::catalog_attributes_sets was processed [] []
[2025-02-18T07:02:07.910095+00:00] main.INFO: Add of item with id Magento_Catalog::inventory was processed [] []
[2025-02-18T07:02:07.912325+00:00] main.INFO: Add of item with id Magento_CatalogRule::promo was processed [] []
[2025-02-18T07:02:07.914062+00:00] main.INFO: Add of item with id Magento_CatalogRule::promo_catalog was processed [] []
[2025-02-18T07:02:07.915673+00:00] main.INFO: Add of item with id Magento_MediaGalleryUi::media was processed [] []
[2025-02-18T07:02:07.917250+00:00] main.INFO: Add of item with id Magento_MediaGalleryUi::media_gallery was processed [] []
[2025-02-18T07:02:07.918894+00:00] main.INFO: Add of item with id Magento_Integration::system_extensions was processed [] []
[2025-02-18T07:02:07.920597+00:00] main.INFO: Add of item with id Magento_Integration::system_integrations was processed [] []
[2025-02-18T07:02:07.922539+00:00] main.INFO: Add of item with id Magento_Sales::sales was processed [] []
[2025-02-18T07:02:07.924482+00:00] main.INFO: Add of item with id Magento_Sales::sales_operation was processed [] []
[2025-02-18T07:02:07.926261+00:00] main.INFO: Add of item with id Magento_Sales::sales_order was processed [] []
[2025-02-18T07:02:07.928551+00:00] main.INFO: Add of item with id Magento_Sales::sales_invoice was processed [] []
[2025-02-18T07:02:07.930360+00:00] main.INFO: Add of item with id Magento_Sales::sales_shipment was processed [] []
[2025-02-18T07:02:07.931977+00:00] main.INFO: Add of item with id Magento_Sales::sales_creditmemo was processed [] []
[2025-02-18T07:02:07.933879+00:00] main.INFO: Add of item with id Magento_Sales::sales_transactions was processed [] []
[2025-02-18T07:02:07.936009+00:00] main.INFO: Add of item with id Magento_Sales::system_order_statuses was processed [] []
[2025-02-18T07:02:07.938212+00:00] main.INFO: Add of item with id Magento_Widget::cms_widget_instance was processed [] []
[2025-02-18T07:02:07.940328+00:00] main.INFO: Add of item with id Magento_Analytics::business_intelligence was processed [] []
[2025-02-18T07:02:07.942786+00:00] main.INFO: Add of item with id Magento_Analytics::advanced_reporting was processed [] []
[2025-02-18T07:02:07.945996+00:00] main.INFO: Add of item with id Magento_Analytics::bi_essentials was processed [] []
[2025-02-18T07:02:07.947777+00:00] main.INFO: Add of item with id Magento_Downloadable::report_products_downloads was processed [] []
[2025-02-18T07:02:07.949394+00:00] main.INFO: Add of item with id Magento_ImportExport::system_convert_import was processed [] []
[2025-02-18T07:02:07.950971+00:00] main.INFO: Add of item with id Magento_ImportExport::system_convert_export was processed [] []
[2025-02-18T07:02:07.952622+00:00] main.INFO: Add of item with id Magento_ImportExport::system_convert_history was processed [] []
[2025-02-18T07:02:07.954200+00:00] main.INFO: Add of item with id Magento_Email::template was processed [] []
[2025-02-18T07:02:07.955909+00:00] main.INFO: Add of item with id Magento_EncryptionKey::system_crypt_key was processed [] []
[2025-02-18T07:02:07.957549+00:00] main.INFO: Add of item with id Magento_InventoryAdminUi::inventory was processed [] []
[2025-02-18T07:02:07.959239+00:00] main.INFO: Add of item with id Magento_InventoryAdminUi::source was processed [] []
[2025-02-18T07:02:07.961255+00:00] main.INFO: Add of item with id Magento_InventoryAdminUi::stock was processed [] []
[2025-02-18T07:02:07.963050+00:00] main.INFO: Add of item with id Magento_Reports::report was processed [] []
[2025-02-18T07:02:07.964666+00:00] main.INFO: Add of item with id Magento_Reports::report_marketing was processed [] []
[2025-02-18T07:02:07.966267+00:00] main.INFO: Add of item with id Magento_Reports::report_salesroot was processed [] []
[2025-02-18T07:02:07.967932+00:00] main.INFO: Add of item with id Magento_Reports::report_salesroot_sales was processed [] []
[2025-02-18T07:02:07.969533+00:00] main.INFO: Add of item with id Magento_Reports::report_salesroot_tax was processed [] []
[2025-02-18T07:02:07.971160+00:00] main.INFO: Add of item with id Magento_Reports::report_salesroot_invoiced was processed [] []
[2025-02-18T07:02:07.972792+00:00] main.INFO: Add of item with id Magento_Reports::report_salesroot_shipping was processed [] []
[2025-02-18T07:02:07.974429+00:00] main.INFO: Add of item with id Magento_Reports::report_salesroot_refunded was processed [] []
[2025-02-18T07:02:07.976029+00:00] main.INFO: Add of item with id Magento_Reports::report_salesroot_coupons was processed [] []
[2025-02-18T07:02:07.978024+00:00] main.INFO: Add of item with id Magento_Reports::report_shopcart_product was processed [] []
[2025-02-18T07:02:07.979675+00:00] main.INFO: Add of item with id Magento_Reports::report_shopcart_abandoned was processed [] []
[2025-02-18T07:02:07.981325+00:00] main.INFO: Add of item with id Magento_Reports::report_products was processed [] []
[2025-02-18T07:02:07.982907+00:00] main.INFO: Add of item with id Magento_Reports::report_products_bestsellers was processed [] []
[2025-02-18T07:02:07.984531+00:00] main.INFO: Add of item with id Magento_Reports::report_products_sold was processed [] []
[2025-02-18T07:02:07.986080+00:00] main.INFO: Add of item with id Magento_Reports::report_products_viewed was processed [] []
[2025-02-18T07:02:07.987819+00:00] main.INFO: Add of item with id Magento_Reports::report_products_lowstock was processed [] []
[2025-02-18T07:02:07.989543+00:00] main.INFO: Add of item with id Magento_Reports::report_customers was processed [] []
[2025-02-18T07:02:07.991201+00:00] main.INFO: Add of item with id Magento_Reports::report_customers_accounts was processed [] []
[2025-02-18T07:02:07.992796+00:00] main.INFO: Add of item with id Magento_Reports::report_customers_totals was processed [] []
[2025-02-18T07:02:07.994557+00:00] main.INFO: Add of item with id Magento_Reports::report_customers_orders was processed [] []
[2025-02-18T07:02:07.996604+00:00] main.INFO: Add of item with id Magento_Reports::report_statistics was processed [] []
[2025-02-18T07:02:07.998216+00:00] main.INFO: Add of item with id Magento_Reports::report_statistics_refresh was processed [] []
[2025-02-18T07:02:07.999769+00:00] main.INFO: Add of item with id Magento_Search::report_search_term was processed [] []
[2025-02-18T07:02:08.001431+00:00] main.INFO: Add of item with id Magento_LoginAsCustomerLog::login_log was processed [] []
[2025-02-18T07:02:08.003215+00:00] main.INFO: Add of item with id Magento_Marketplace::partners was processed [] []
[2025-02-18T07:02:08.005177+00:00] main.INFO: Add of item with id Magento_Newsletter::newsletter_template was processed [] []
[2025-02-18T07:02:08.006858+00:00] main.INFO: Add of item with id Magento_Newsletter::newsletter_queue was processed [] []
[2025-02-18T07:02:08.008483+00:00] main.INFO: Add of item with id Magento_Newsletter::newsletter_subscriber was processed [] []
[2025-02-18T07:02:08.010086+00:00] main.INFO: Add of item with id Magento_Newsletter::newsletter_problem was processed [] []
[2025-02-18T07:02:08.012253+00:00] main.INFO: Add of item with id Magento_SalesRule::promo_quote was processed [] []
[2025-02-18T07:02:08.013957+00:00] main.INFO: Add of item with id Magento_Sitemap::catalog_sitemap was processed [] []
[2025-02-18T07:02:08.015566+00:00] main.INFO: Add of item with id Magento_PageBuilder::templates was processed [] []
[2025-02-18T07:02:08.017176+00:00] main.INFO: Add of item with id Magento_Paypal::report_salesroot_paypal_settlement_reports was processed [] []
[2025-02-18T07:02:08.018813+00:00] main.INFO: Add of item with id Magento_Paypal::paypal_billing_agreement was processed [] []
[2025-02-18T07:02:08.020442+00:00] main.INFO: Add of item with id Magento_CheckoutAgreements::sales_checkoutagreement was processed [] []
[2025-02-18T07:02:08.022060+00:00] main.INFO: Add of item with id Magento_Review::catalog_reviews_ratings_ratings was processed [] []
[2025-02-18T07:02:08.023703+00:00] main.INFO: Add of item with id Magento_Review::catalog_reviews_ratings_pending was processed [] []
[2025-02-18T07:02:08.025303+00:00] main.INFO: Add of item with id Magento_Review::catalog_reviews_ratings_reviews_all was processed [] []
[2025-02-18T07:02:08.026964+00:00] main.INFO: Add of item with id Magento_Review::report_review was processed [] []
[2025-02-18T07:02:08.028871+00:00] main.INFO: Add of item with id Magento_Review::report_review_customer was processed [] []
[2025-02-18T07:02:08.030548+00:00] main.INFO: Add of item with id Magento_Review::report_review_product was processed [] []
[2025-02-18T07:02:08.032082+00:00] main.INFO: Add of item with id Magento_UrlRewrite::urlrewrite was processed [] []
[2025-02-18T07:02:08.033708+00:00] main.INFO: Add of item with id Magento_Tax::sales_tax was processed [] []
[2025-02-18T07:02:08.035442+00:00] main.INFO: Add of item with id Magento_Tax::sales_tax_rules was processed [] []
[2025-02-18T07:02:08.037073+00:00] main.INFO: Add of item with id Magento_Tax::sales_tax_rates was processed [] []
[2025-02-18T07:02:08.038676+00:00] main.INFO: Add of item with id Magento_TaxImportExport::system_convert_tax was processed [] []
[2025-02-18T07:02:08.040278+00:00] main.INFO: Add of item with id Magento_AsynchronousOperations::system_magento_logging was processed [] []
[2025-02-18T07:02:08.042279+00:00] main.INFO: Add of item with id Magento_AsynchronousOperations::system_magento_logging_bulk_operations was processed [] []
[2025-02-18T07:02:08.044357+00:00] main.INFO: Add of item with id Magento_CurrencySymbol::system_currency was processed [] []
[2025-02-18T07:02:08.046238+00:00] main.INFO: Add of item with id Magento_CurrencySymbol::system_currency_rates was processed [] []
[2025-02-18T07:02:08.047913+00:00] main.INFO: Add of item with id Magento_CurrencySymbol::system_currency_symbols was processed [] []
[2025-02-18T07:02:08.049561+00:00] main.INFO: Add of item with id PayPal_Braintree::settlement_report was processed [] []
[2025-02-18T07:02:08.051412+00:00] main.INFO: Add of item with id PayPal_Braintree::virtual_terminal was processed [] []
[2025-02-18T07:02:11.319594+00:00] main.INFO: Broken reference: the 'notification.messages' tries to reorder itself towards 'user', but their parents are different: 'header.inner.right' and 'header' respectively. [] []
[2025-02-18T07:03:15.310867+00:00] main.ERROR: Requested path frontend/Vaibhav/jewellers/en_US/Magento_PageBuilder/js/resource/jarallax/jarallax.js.map is wrong. [] []
[2025-02-18T07:03:15.314934+00:00] main.CRITICAL: Requested path frontend/Vaibhav/jewellers/en_US/Magento_PageBuilder/js/resource/jarallax/jarallax.js.map is wrong. [] []
[2025-02-18T07:03:15.378445+00:00] main.ERROR: Requested path frontend/Vaibhav/jewellers/en_US/vimeo/player.js.map is wrong. [] []
[2025-02-18T07:03:15.380554+00:00] main.CRITICAL: Requested path frontend/Vaibhav/jewellers/en_US/vimeo/player.js.map is wrong. [] []
[2025-02-18T07:03:15.486247+00:00] main.ERROR: Requested path frontend/Vaibhav/jewellers/en_US/Magento_PageBuilder/js/resource/jarallax/jarallax-video.js.map is wrong. [] []
[2025-02-18T07:03:15.490657+00:00] main.CRITICAL: Requested path frontend/Vaibhav/jewellers/en_US/Magento_PageBuilder/js/resource/jarallax/jarallax-video.js.map is wrong. [] []
[2025-02-18T07:17:59.617904+00:00] main.INFO: Broken reference: the 'catalog.compare.sidebar' element cannot be added as child to 'sidebar.additional', because the latter doesn't exist [] []
[2025-02-18T07:17:59.621170+00:00] main.INFO: Broken reference: the 'sale.reorder.sidebar' element cannot be added as child to 'sidebar.additional', because the latter doesn't exist [] []
[2025-02-18T07:17:59.623202+00:00] main.INFO: Broken reference: the 'wishlist_sidebar' element cannot be added as child to 'sidebar.additional', because the latter doesn't exist [] []
[2025-02-18T07:17:59.625275+00:00] main.INFO: Broken reference: the 'paypal.partner.right.logo' element cannot be added as child to 'sidebar.additional', because the latter doesn't exist [] []
[2025-02-18T07:17:59.627185+00:00] main.INFO: Broken reference: the 'bml.right.logo' element cannot be added as child to 'sidebar.additional', because the latter doesn't exist [] []
[2025-02-18T07:17:59.628994+00:00] main.INFO: Broken reference: the 'sidebar.container.paylater' element cannot be added as child to 'sidebar.additional', because the latter doesn't exist [] []
[2025-02-18T07:18:00.622052+00:00] main.INFO: Broken reference: the 'notification.messages' tries to reorder itself towards 'user', but their parents are different: 'header.inner.right' and 'header' respectively. [] []
[2025-02-18T07:18:12.149794+00:00] main.INFO: Item Magento_Backend::system_currency was removed [] []
[2025-02-18T07:18:12.441668+00:00] main.INFO: Add of item with id Magento_Config::system_config was processed [] []
[2025-02-18T07:18:12.443598+00:00] main.INFO: Add of item with id Magento_AdminNotification::system_adminnotification was processed [] []
[2025-02-18T07:18:12.445385+00:00] main.INFO: Add of item with id Magento_Theme::design_config was processed [] []
[2025-02-18T07:18:12.447149+00:00] main.INFO: Add of item with id Magento_Theme::system_design_theme was processed [] []
[2025-02-18T07:18:12.448984+00:00] main.INFO: Add of item with id Magento_Backend::system_design_schedule was processed [] []
[2025-02-18T07:18:12.450709+00:00] main.INFO: Add of item with id Magento_Backend::system_store was processed [] []
[2025-02-18T07:18:12.452645+00:00] main.INFO: Add of item with id Magento_Backend::dashboard was processed [] []
[2025-02-18T07:18:12.455005+00:00] main.INFO: Add of item with id Magento_Backend::system was processed [] []
[2025-02-18T07:18:12.456851+00:00] main.INFO: Add of item with id Magento_Backend::system_tools was processed [] []
[2025-02-18T07:18:12.458819+00:00] main.INFO: Add of item with id Magento_Backend::system_design was processed [] []
[2025-02-18T07:18:12.460714+00:00] main.INFO: Add of item with id Magento_Backend::system_convert was processed [] []
[2025-02-18T07:18:12.462511+00:00] main.INFO: Add of item with id Magento_Backend::system_cache was processed [] []
[2025-02-18T07:18:12.464231+00:00] main.INFO: Add of item with id Magento_Backend::marketing was processed [] []
[2025-02-18T07:18:12.466016+00:00] main.INFO: Add of item with id Magento_Backend::marketing_communications was processed [] []
[2025-02-18T07:18:12.467745+00:00] main.INFO: Add of item with id Magento_Backend::marketing_seo was processed [] []
[2025-02-18T07:18:12.470115+00:00] main.INFO: Add of item with id Magento_Backend::marketing_user_content was processed [] []
[2025-02-18T07:18:12.472140+00:00] main.INFO: Add of item with id Magento_Backend::content was processed [] []
[2025-02-18T07:18:12.473867+00:00] main.INFO: Add of item with id Magento_Backend::content_elements was processed [] []
[2025-02-18T07:18:12.475580+00:00] main.INFO: Add of item with id Magento_Backend::stores was processed [] []
[2025-02-18T07:18:12.477314+00:00] main.INFO: Add of item with id Magento_Backend::stores_settings was processed [] []
[2025-02-18T07:18:12.479034+00:00] main.INFO: Add of item with id Magento_Backend::stores_attributes was processed [] []
[2025-02-18T07:18:12.480738+00:00] main.INFO: Add of item with id Magento_Backend::other_settings was processed [] []
[2025-02-18T07:18:12.482455+00:00] main.INFO: Add of item with id Magento_Backend::system_other_settings was processed [] []
[2025-02-18T07:18:12.484176+00:00] main.INFO: Add of item with id Magento_User::system_acl was processed [] []
[2025-02-18T07:18:12.486629+00:00] main.INFO: Add of item with id Magento_User::system_acl_users was processed [] []
[2025-02-18T07:18:12.488532+00:00] main.INFO: Add of item with id Magento_User::system_acl_roles was processed [] []
[2025-02-18T07:18:12.490355+00:00] main.INFO: Add of item with id Magento_User::system_acl_locks was processed [] []
[2025-02-18T07:18:12.492200+00:00] main.INFO: Add of item with id Magento_Customer::customer was processed [] []
[2025-02-18T07:18:12.494128+00:00] main.INFO: Add of item with id Magento_Customer::customer_manage was processed [] []
[2025-02-18T07:18:12.495870+00:00] main.INFO: Add of item with id Magento_Customer::customer_online was processed [] []
[2025-02-18T07:18:12.497546+00:00] main.INFO: Add of item with id Magento_Customer::customer_group was processed [] []
[2025-02-18T07:18:12.499192+00:00] main.INFO: Add of item with id Magento_Backup::system_tools_backup was processed [] []
[2025-02-18T07:18:12.500896+00:00] main.INFO: Add of item with id Magento_Indexer::system_index was processed [] []
[2025-02-18T07:18:12.502728+00:00] main.INFO: Add of item with id Magento_Variable::system_variable was processed [] []
[2025-02-18T07:18:12.504502+00:00] main.INFO: Add of item with id Magento_Cms::cms_page was processed [] []
[2025-02-18T07:18:12.506170+00:00] main.INFO: Add of item with id Magento_Cms::cms_block was processed [] []
[2025-02-18T07:18:12.507861+00:00] main.INFO: Add of item with id Magento_Search::search_terms was processed [] []
[2025-02-18T07:18:12.509479+00:00] main.INFO: Add of item with id Magento_Search::search_synonyms was processed [] []
[2025-02-18T07:18:12.511058+00:00] main.INFO: Add of item with id Magento_Catalog::catalog was processed [] []
[2025-02-18T07:18:12.512728+00:00] main.INFO: Add of item with id Magento_Catalog::catalog_products was processed [] []
[2025-02-18T07:18:12.514379+00:00] main.INFO: Add of item with id Magento_Catalog::catalog_categories was processed [] []
[2025-02-18T07:18:12.516112+00:00] main.INFO: Add of item with id Magento_Catalog::catalog_attributes_attributes was processed [] []
[2025-02-18T07:18:12.517954+00:00] main.INFO: Add of item with id Magento_Catalog::catalog_attributes_sets was processed [] []
[2025-02-18T07:18:12.520363+00:00] main.INFO: Add of item with id Magento_Catalog::inventory was processed [] []
[2025-02-18T07:18:12.522314+00:00] main.INFO: Add of item with id Magento_CatalogRule::promo was processed [] []
[2025-02-18T07:18:12.524138+00:00] main.INFO: Add of item with id Magento_CatalogRule::promo_catalog was processed [] []
[2025-02-18T07:18:12.525831+00:00] main.INFO: Add of item with id Magento_MediaGalleryUi::media was processed [] []
[2025-02-18T07:18:12.527509+00:00] main.INFO: Add of item with id Magento_MediaGalleryUi::media_gallery was processed [] []
[2025-02-18T07:18:12.529176+00:00] main.INFO: Add of item with id Magento_Integration::system_extensions was processed [] []
[2025-02-18T07:18:12.530869+00:00] main.INFO: Add of item with id Magento_Integration::system_integrations was processed [] []
[2025-02-18T07:18:12.532690+00:00] main.INFO: Add of item with id Magento_Sales::sales was processed [] []
[2025-02-18T07:18:12.534583+00:00] main.INFO: Add of item with id Magento_Sales::sales_operation was processed [] []
[2025-02-18T07:18:12.537132+00:00] main.INFO: Add of item with id Magento_Sales::sales_order was processed [] []
[2025-02-18T07:18:12.539008+00:00] main.INFO: Add of item with id Magento_Sales::sales_invoice was processed [] []
[2025-02-18T07:18:12.540637+00:00] main.INFO: Add of item with id Magento_Sales::sales_shipment was processed [] []
[2025-02-18T07:18:12.542230+00:00] main.INFO: Add of item with id Magento_Sales::sales_creditmemo was processed [] []
[2025-02-18T07:18:12.543876+00:00] main.INFO: Add of item with id Magento_Sales::sales_transactions was processed [] []
[2025-02-18T07:18:12.545537+00:00] main.INFO: Add of item with id Magento_Sales::system_order_statuses was processed [] []
[2025-02-18T07:18:12.547119+00:00] main.INFO: Add of item with id Magento_Widget::cms_widget_instance was processed [] []
[2025-02-18T07:18:12.548918+00:00] main.INFO: Add of item with id Magento_Analytics::business_intelligence was processed [] []
[2025-02-18T07:18:12.550603+00:00] main.INFO: Add of item with id Magento_Analytics::advanced_reporting was processed [] []
[2025-02-18T07:18:12.552317+00:00] main.INFO: Add of item with id Magento_Analytics::bi_essentials was processed [] []
[2025-02-18T07:18:12.554154+00:00] main.INFO: Add of item with id Magento_Downloadable::report_products_downloads was processed [] []
[2025-02-18T07:18:12.555932+00:00] main.INFO: Add of item with id Magento_ImportExport::system_convert_import was processed [] []
[2025-02-18T07:18:12.557634+00:00] main.INFO: Add of item with id Magento_ImportExport::system_convert_export was processed [] []
[2025-02-18T07:18:12.559223+00:00] main.INFO: Add of item with id Magento_ImportExport::system_convert_history was processed [] []
[2025-02-18T07:18:12.560892+00:00] main.INFO: Add of item with id Magento_Email::template was processed [] []
[2025-02-18T07:18:12.562529+00:00] main.INFO: Add of item with id Magento_EncryptionKey::system_crypt_key was processed [] []
[2025-02-18T07:18:12.564137+00:00] main.INFO: Add of item with id Magento_InventoryAdminUi::inventory was processed [] []
[2025-02-18T07:18:12.565800+00:00] main.INFO: Add of item with id Magento_InventoryAdminUi::source was processed [] []
[2025-02-18T07:18:12.567399+00:00] main.INFO: Add of item with id Magento_InventoryAdminUi::stock was processed [] []
[2025-02-18T07:18:12.569211+00:00] main.INFO: Add of item with id Magento_Reports::report was processed [] []
[2025-02-18T07:18:12.570880+00:00] main.INFO: Add of item with id Magento_Reports::report_marketing was processed [] []
[2025-02-18T07:18:12.572527+00:00] main.INFO: Add of item with id Magento_Reports::report_salesroot was processed [] []
[2025-02-18T07:18:12.574235+00:00] main.INFO: Add of item with id Magento_Reports::report_salesroot_sales was processed [] []
[2025-02-18T07:18:12.575885+00:00] main.INFO: Add of item with id Magento_Reports::report_salesroot_tax was processed [] []
[2025-02-18T07:18:12.577452+00:00] main.INFO: Add of item with id Magento_Reports::report_salesroot_invoiced was processed [] []
[2025-02-18T07:18:12.579025+00:00] main.INFO: Add of item with id Magento_Reports::report_salesroot_shipping was processed [] []
[2025-02-18T07:18:12.580718+00:00] main.INFO: Add of item with id Magento_Reports::report_salesroot_refunded was processed [] []
[2025-02-18T07:18:12.582367+00:00] main.INFO: Add of item with id Magento_Reports::report_salesroot_coupons was processed [] []
[2025-02-18T07:18:12.584029+00:00] main.INFO: Add of item with id Magento_Reports::report_shopcart_product was processed [] []
[2025-02-18T07:18:12.585735+00:00] main.INFO: Add of item with id Magento_Reports::report_shopcart_abandoned was processed [] []
[2025-02-18T07:18:12.587752+00:00] main.INFO: Add of item with id Magento_Reports::report_products was processed [] []
[2025-02-18T07:18:12.589346+00:00] main.INFO: Add of item with id Magento_Reports::report_products_bestsellers was processed [] []
[2025-02-18T07:18:12.590916+00:00] main.INFO: Add of item with id Magento_Reports::report_products_sold was processed [] []
[2025-02-18T07:18:12.592531+00:00] main.INFO: Add of item with id Magento_Reports::report_products_viewed was processed [] []
[2025-02-18T07:18:12.594150+00:00] main.INFO: Add of item with id Magento_Reports::report_products_lowstock was processed [] []
[2025-02-18T07:18:12.595900+00:00] main.INFO: Add of item with id Magento_Reports::report_customers was processed [] []
[2025-02-18T07:18:12.597594+00:00] main.INFO: Add of item with id Magento_Reports::report_customers_accounts was processed [] []
[2025-02-18T07:18:12.599192+00:00] main.INFO: Add of item with id Magento_Reports::report_customers_totals was processed [] []
[2025-02-18T07:18:12.600834+00:00] main.INFO: Add of item with id Magento_Reports::report_customers_orders was processed [] []
[2025-02-18T07:18:12.602771+00:00] main.INFO: Add of item with id Magento_Reports::report_statistics was processed [] []
[2025-02-18T07:18:12.604942+00:00] main.INFO: Add of item with id Magento_Reports::report_statistics_refresh was processed [] []
[2025-02-18T07:18:12.606634+00:00] main.INFO: Add of item with id Magento_Search::report_search_term was processed [] []
[2025-02-18T07:18:12.608260+00:00] main.INFO: Add of item with id Magento_LoginAsCustomerLog::login_log was processed [] []
[2025-02-18T07:18:12.609945+00:00] main.INFO: Add of item with id Magento_Marketplace::partners was processed [] []
[2025-02-18T07:18:12.611527+00:00] main.INFO: Add of item with id Magento_Newsletter::newsletter_template was processed [] []
[2025-02-18T07:18:12.613126+00:00] main.INFO: Add of item with id Magento_Newsletter::newsletter_queue was processed [] []
[2025-02-18T07:18:12.614714+00:00] main.INFO: Add of item with id Magento_Newsletter::newsletter_subscriber was processed [] []
[2025-02-18T07:18:12.616286+00:00] main.INFO: Add of item with id Magento_Newsletter::newsletter_problem was processed [] []
[2025-02-18T07:18:12.617860+00:00] main.INFO: Add of item with id Magento_SalesRule::promo_quote was processed [] []
[2025-02-18T07:18:12.619628+00:00] main.INFO: Add of item with id Magento_Sitemap::catalog_sitemap was processed [] []
[2025-02-18T07:18:12.621318+00:00] main.INFO: Add of item with id Magento_PageBuilder::templates was processed [] []
[2025-02-18T07:18:12.622939+00:00] main.INFO: Add of item with id Magento_Paypal::report_salesroot_paypal_settlement_reports was processed [] []
[2025-02-18T07:18:12.624555+00:00] main.INFO: Add of item with id Magento_Paypal::paypal_billing_agreement was processed [] []
[2025-02-18T07:18:12.626157+00:00] main.INFO: Add of item with id Magento_CheckoutAgreements::sales_checkoutagreement was processed [] []
[2025-02-18T07:18:12.627721+00:00] main.INFO: Add of item with id Magento_Review::catalog_reviews_ratings_ratings was processed [] []
[2025-02-18T07:18:12.629348+00:00] main.INFO: Add of item with id Magento_Review::catalog_reviews_ratings_pending was processed [] []
[2025-02-18T07:18:12.630930+00:00] main.INFO: Add of item with id Magento_Review::catalog_reviews_ratings_reviews_all was processed [] []
[2025-02-18T07:18:12.632506+00:00] main.INFO: Add of item with id Magento_Review::report_review was processed [] []
[2025-02-18T07:18:12.634149+00:00] main.INFO: Add of item with id Magento_Review::report_review_customer was processed [] []
[2025-02-18T07:18:12.635877+00:00] main.INFO: Add of item with id Magento_Review::report_review_product was processed [] []
[2025-02-18T07:18:12.637560+00:00] main.INFO: Add of item with id Magento_UrlRewrite::urlrewrite was processed [] []
[2025-02-18T07:18:12.639219+00:00] main.INFO: Add of item with id Magento_Tax::sales_tax was processed [] []
[2025-02-18T07:18:12.640910+00:00] main.INFO: Add of item with id Magento_Tax::sales_tax_rules was processed [] []
[2025-02-18T07:18:12.642564+00:00] main.INFO: Add of item with id Magento_Tax::sales_tax_rates was processed [] []
[2025-02-18T07:18:12.644185+00:00] main.INFO: Add of item with id Magento_TaxImportExport::system_convert_tax was processed [] []
[2025-02-18T07:18:12.645776+00:00] main.INFO: Add of item with id Magento_AsynchronousOperations::system_magento_logging was processed [] []
[2025-02-18T07:18:12.647404+00:00] main.INFO: Add of item with id Magento_AsynchronousOperations::system_magento_logging_bulk_operations was processed [] []
[2025-02-18T07:18:12.649045+00:00] main.INFO: Add of item with id Magento_CurrencySymbol::system_currency was processed [] []
[2025-02-18T07:18:12.650761+00:00] main.INFO: Add of item with id Magento_CurrencySymbol::system_currency_rates was processed [] []
[2025-02-18T07:18:12.652522+00:00] main.INFO: Add of item with id Magento_CurrencySymbol::system_currency_symbols was processed [] []
[2025-02-18T07:18:12.654656+00:00] main.INFO: Add of item with id PayPal_Braintree::settlement_report was processed [] []
[2025-02-18T07:18:12.656355+00:00] main.INFO: Add of item with id PayPal_Braintree::virtual_terminal was processed [] []
[2025-02-18T07:18:18.745664+00:00] main.ERROR: Requested path frontend/Vaibhav/jewellers/en_US/Magento_PageBuilder/js/resource/jarallax/jarallax.js.map is wrong. [] []
[2025-02-18T07:18:18.748020+00:00] main.CRITICAL: Requested path frontend/Vaibhav/jewellers/en_US/Magento_PageBuilder/js/resource/jarallax/jarallax.js.map is wrong. [] []
[2025-02-18T07:18:19.442215+00:00] main.ERROR: Requested path frontend/Vaibhav/jewellers/en_US/vimeo/player.js.map is wrong. [] []
[2025-02-18T07:18:19.444309+00:00] main.CRITICAL: Requested path frontend/Vaibhav/jewellers/en_US/vimeo/player.js.map is wrong. [] []
[2025-02-18T07:18:19.537282+00:00] main.ERROR: Requested path frontend/Vaibhav/jewellers/en_US/Magento_PageBuilder/js/resource/jarallax/jarallax-video.js.map is wrong. [] []
[2025-02-18T07:18:19.540414+00:00] main.CRITICAL: Requested path frontend/Vaibhav/jewellers/en_US/Magento_PageBuilder/js/resource/jarallax/jarallax-video.js.map is wrong. [] []
[2025-02-18T07:20:15.736902+00:00] main.INFO: Broken reference: the 'catalog.compare.sidebar' element cannot be added as child to 'sidebar.additional', because the latter doesn't exist [] []
[2025-02-18T07:20:15.741185+00:00] main.INFO: Broken reference: the 'sale.reorder.sidebar' element cannot be added as child to 'sidebar.additional', because the latter doesn't exist [] []
[2025-02-18T07:20:15.743110+00:00] main.INFO: Broken reference: the 'wishlist_sidebar' element cannot be added as child to 'sidebar.additional', because the latter doesn't exist [] []
[2025-02-18T07:20:15.744831+00:00] main.INFO: Broken reference: the 'paypal.partner.right.logo' element cannot be added as child to 'sidebar.additional', because the latter doesn't exist [] []
[2025-02-18T07:20:15.746495+00:00] main.INFO: Broken reference: the 'bml.right.logo' element cannot be added as child to 'sidebar.additional', because the latter doesn't exist [] []
[2025-02-18T07:20:15.748150+00:00] main.INFO: Broken reference: the 'sidebar.container.paylater' element cannot be added as child to 'sidebar.additional', because the latter doesn't exist [] []
[2025-02-18T07:20:21.408276+00:00] main.ERROR: Requested path frontend/Vaibhav/jewellers/en_US/vimeo/player.js.map is wrong. [] []
[2025-02-18T07:20:21.409489+00:00] main.ERROR: Requested path frontend/Vaibhav/jewellers/en_US/Magento_PageBuilder/js/resource/jarallax/jarallax-video.js.map is wrong. [] []
[2025-02-18T07:20:21.410633+00:00] main.CRITICAL: Requested path frontend/Vaibhav/jewellers/en_US/vimeo/player.js.map is wrong. [] []
[2025-02-18T07:20:21.411795+00:00] main.CRITICAL: Requested path frontend/Vaibhav/jewellers/en_US/Magento_PageBuilder/js/resource/jarallax/jarallax-video.js.map is wrong. [] []
[2025-02-18T07:20:21.444230+00:00] main.ERROR: Requested path frontend/Vaibhav/jewellers/en_US/Magento_PageBuilder/js/resource/jarallax/jarallax.js.map is wrong. [] []
[2025-02-18T07:20:21.446628+00:00] main.CRITICAL: Requested path frontend/Vaibhav/jewellers/en_US/Magento_PageBuilder/js/resource/jarallax/jarallax.js.map is wrong. [] []
